{"/home/travis/build/npmtest/node-npmtest-phantomjs-prebuilt/test.js":{"path":"/home/travis/build/npmtest/node-npmtest-phantomjs-prebuilt/test.js","s":{"1":2,"2":2,"3":2,"4":2,"5":2,"6":2,"7":2,"8":1,"9":2,"10":2,"11":1,"12":1,"13":1,"14":1,"15":2,"16":2,"17":2,"18":2,"19":1,"20":1,"21":2,"22":2,"23":2,"24":1,"25":1,"26":1,"27":1,"28":1,"29":1,"30":1,"31":1,"32":1,"33":1,"34":1,"35":1,"36":1,"37":2,"38":2,"39":1,"40":2,"41":2,"42":1,"43":2,"44":2,"45":1,"46":2,"47":2,"48":1,"49":1,"50":1,"51":1,"52":1},"b":{"1":[2,1,1,1],"2":[1,1,1,1],"3":[1,1],"4":[1,1],"5":[1,1],"6":[1,1],"7":[1,1],"8":[1,1],"9":[1,1,1],"10":[1,1],"11":[1,1],"12":[1,1],"13":[1,1],"14":[1,1],"15":[1,1],"16":[1,1]},"f":{"1":2,"2":2,"3":2,"4":2,"5":2,"6":1,"7":1,"8":2,"9":2,"10":2,"11":2,"12":1},"fnMap":{"1":{"name":"(anonymous_1)","line":12,"loc":{"start":{"line":12,"column":1},"end":{"line":12,"column":13}}},"2":{"name":"(anonymous_2)","line":19,"loc":{"start":{"line":19,"column":5},"end":{"line":19,"column":17}}},"3":{"name":"(anonymous_3)","line":23,"loc":{"start":{"line":23,"column":24},"end":{"line":23,"column":36}}},"4":{"name":"(anonymous_4)","line":61,"loc":{"start":{"line":61,"column":5},"end":{"line":61,"column":17}}},"5":{"name":"(anonymous_5)","line":82,"loc":{"start":{"line":82,"column":5},"end":{"line":82,"column":17}}},"6":{"name":"(anonymous_6)","line":102,"loc":{"start":{"line":102,"column":83},"end":{"line":105,"column":10}},"skip":true},"7":{"name":"(anonymous_7)","line":113,"loc":{"start":{"line":113,"column":77},"end":{"line":116,"column":10}},"skip":true},"8":{"name":"(anonymous_8)","line":129,"loc":{"start":{"line":129,"column":12},"end":{"line":129,"column":40}},"skip":true},"9":{"name":"(anonymous_9)","line":137,"loc":{"start":{"line":137,"column":77},"end":{"line":140,"column":10}},"skip":true},"10":{"name":"(anonymous_10)","line":148,"loc":{"start":{"line":148,"column":83},"end":{"line":151,"column":10}},"skip":true},"11":{"name":"(anonymous_11)","line":159,"loc":{"start":{"line":159,"column":79},"end":{"line":162,"column":10}},"skip":true},"12":{"name":"(anonymous_12)","line":170,"loc":{"start":{"line":170,"column":75},"end":{"line":173,"column":10}},"skip":true}},"statementMap":{"1":{"start":{"line":12,"column":0},"end":{"line":185,"column":5}},"2":{"start":{"line":14,"column":4},"end":{"line":14,"column":14}},"3":{"start":{"line":19,"column":4},"end":{"line":56,"column":9}},"4":{"start":{"line":21,"column":8},"end":{"line":21,"column":19}},"5":{"start":{"line":23,"column":8},"end":{"line":35,"column":13}},"6":{"start":{"line":24,"column":12},"end":{"line":34,"column":13}},"7":{"start":{"line":25,"column":16},"end":{"line":28,"column":30}},"8":{"start":{"line":30,"column":16},"end":{"line":33,"column":27}},"9":{"start":{"line":37,"column":8},"end":{"line":39,"column":21}},"10":{"start":{"line":40,"column":8},"end":{"line":53,"column":9}},"11":{"start":{"line":43,"column":12},"end":{"line":46,"column":14}},"12":{"start":{"line":47,"column":12},"end":{"line":47,"column":18}},"13":{"start":{"line":50,"column":12},"end":{"line":51,"column":46}},"14":{"start":{"line":52,"column":12},"end":{"line":52,"column":18}},"15":{"start":{"line":55,"column":8},"end":{"line":55,"column":35}},"16":{"start":{"line":61,"column":4},"end":{"line":63,"column":9}},"17":{"start":{"line":62,"column":8},"end":{"line":62,"column":15}},"18":{"start":{"line":64,"column":4},"end":{"line":77,"column":5}},"19":{"start":{"line":70,"column":8},"end":{"line":70,"column":14}},"20":{"start":{"line":76,"column":8},"end":{"line":76,"column":14}},"21":{"start":{"line":82,"column":4},"end":{"line":84,"column":9}},"22":{"start":{"line":83,"column":8},"end":{"line":83,"column":15}},"23":{"start":{"line":85,"column":4},"end":{"line":184,"column":5}},"24":{"start":{"line":92,"column":8},"end":{"line":94,"column":63}},"25":{"start":{"line":95,"column":8},"end":{"line":95,"column":14}},"26":{"start":{"line":102,"column":8},"end":{"line":111,"column":10},"skip":true},"27":{"start":{"line":109,"column":12},"end":{"line":109,"column":55},"skip":true},"28":{"start":{"line":110,"column":12},"end":{"line":110,"column":48},"skip":true},"29":{"start":{"line":113,"column":8},"end":{"line":126,"column":10},"skip":true},"30":{"start":{"line":120,"column":12},"end":{"line":120,"column":76},"skip":true},"31":{"start":{"line":121,"column":12},"end":{"line":121,"column":73},"skip":true},"32":{"start":{"line":122,"column":12},"end":{"line":122,"column":74},"skip":true},"33":{"start":{"line":123,"column":12},"end":{"line":123,"column":79},"skip":true},"34":{"start":{"line":124,"column":12},"end":{"line":124,"column":25},"skip":true},"35":{"start":{"line":125,"column":12},"end":{"line":125,"column":45},"skip":true},"36":{"start":{"line":128,"column":8},"end":{"line":135,"column":14},"skip":true},"37":{"start":{"line":133,"column":16},"end":{"line":133,"column":29},"skip":true},"38":{"start":{"line":134,"column":16},"end":{"line":134,"column":55},"skip":true},"39":{"start":{"line":137,"column":8},"end":{"line":146,"column":10},"skip":true},"40":{"start":{"line":144,"column":12},"end":{"line":144,"column":25},"skip":true},"41":{"start":{"line":145,"column":12},"end":{"line":145,"column":45},"skip":true},"42":{"start":{"line":148,"column":8},"end":{"line":157,"column":10},"skip":true},"43":{"start":{"line":155,"column":12},"end":{"line":155,"column":25},"skip":true},"44":{"start":{"line":156,"column":12},"end":{"line":156,"column":48},"skip":true},"45":{"start":{"line":159,"column":8},"end":{"line":168,"column":10},"skip":true},"46":{"start":{"line":166,"column":12},"end":{"line":166,"column":25},"skip":true},"47":{"start":{"line":167,"column":12},"end":{"line":167,"column":46},"skip":true},"48":{"start":{"line":170,"column":8},"end":{"line":179,"column":10},"skip":true},"49":{"start":{"line":177,"column":12},"end":{"line":177,"column":94},"skip":true},"50":{"start":{"line":178,"column":12},"end":{"line":178,"column":48},"skip":true},"51":{"start":{"line":182,"column":8},"end":{"line":182,"column":35},"skip":true},"52":{"start":{"line":183,"column":8},"end":{"line":183,"column":14},"skip":true}},"branchMap":{"1":{"line":25,"type":"binary-expr","locations":[{"start":{"line":25,"column":23},"end":{"line":25,"column":62}},{"start":{"line":26,"column":20},"end":{"line":26,"column":70}},{"start":{"line":27,"column":20},"end":{"line":27,"column":71}},{"start":{"line":28,"column":20},"end":{"line":28,"column":29}}]},"2":{"line":30,"type":"binary-expr","locations":[{"start":{"line":30,"column":23},"end":{"line":30,"column":37}},{"start":{"line":31,"column":20},"end":{"line":31,"column":61}},{"start":{"line":32,"column":20},"end":{"line":32,"column":70}},{"start":{"line":33,"column":20},"end":{"line":33,"column":26}}]},"3":{"line":37,"type":"cond-expr","locations":[{"start":{"line":38,"column":14},"end":{"line":38,"column":20}},{"start":{"line":39,"column":14},"end":{"line":39,"column":20}}]},"4":{"line":40,"type":"switch","locations":[{"start":{"line":42,"column":8},"end":{"line":47,"column":18}},{"start":{"line":49,"column":8},"end":{"line":52,"column":18}}]},"5":{"line":44,"type":"binary-expr","locations":[{"start":{"line":44,"column":16},"end":{"line":44,"column":44}},{"start":{"line":44,"column":48},"end":{"line":44,"column":66}}]},"6":{"line":50,"type":"binary-expr","locations":[{"start":{"line":50,"column":21},"end":{"line":50,"column":49}},{"start":{"line":50,"column":53},"end":{"line":50,"column":72}}]},"7":{"line":64,"type":"switch","locations":[{"start":{"line":69,"column":4},"end":{"line":70,"column":14}},{"start":{"line":75,"column":4},"end":{"line":76,"column":14}}]},"8":{"line":85,"type":"switch","locations":[{"start":{"line":90,"column":4},"end":{"line":95,"column":14}},{"start":{"line":101,"column":4},"end":{"line":183,"column":14},"skip":true}]},"9":{"line":92,"type":"binary-expr","locations":[{"start":{"line":92,"column":18},"end":{"line":92,"column":32}},{"start":{"line":93,"column":12},"end":{"line":93,"column":53}},{"start":{"line":94,"column":12},"end":{"line":94,"column":61}}]},"10":{"line":102,"type":"binary-expr","locations":[{"start":{"line":102,"column":45},"end":{"line":102,"column":79},"skip":true},{"start":{"line":102,"column":83},"end":{"line":111,"column":9},"skip":true}]},"11":{"line":113,"type":"binary-expr","locations":[{"start":{"line":113,"column":42},"end":{"line":113,"column":73},"skip":true},{"start":{"line":113,"column":77},"end":{"line":126,"column":9},"skip":true}]},"12":{"line":128,"type":"binary-expr","locations":[{"start":{"line":128,"column":48},"end":{"line":128,"column":85},"skip":true},{"start":{"line":129,"column":12},"end":{"line":135,"column":13},"skip":true}]},"13":{"line":137,"type":"binary-expr","locations":[{"start":{"line":137,"column":42},"end":{"line":137,"column":73},"skip":true},{"start":{"line":137,"column":77},"end":{"line":146,"column":9},"skip":true}]},"14":{"line":148,"type":"binary-expr","locations":[{"start":{"line":148,"column":45},"end":{"line":148,"column":79},"skip":true},{"start":{"line":148,"column":83},"end":{"line":157,"column":9},"skip":true}]},"15":{"line":159,"type":"binary-expr","locations":[{"start":{"line":159,"column":43},"end":{"line":159,"column":75},"skip":true},{"start":{"line":159,"column":79},"end":{"line":168,"column":9},"skip":true}]},"16":{"line":170,"type":"binary-expr","locations":[{"start":{"line":170,"column":41},"end":{"line":170,"column":71},"skip":true},{"start":{"line":170,"column":75},"end":{"line":179,"column":9},"skip":true}]}},"code":["/* istanbul instrument in package npmtest_phantomjs_prebuilt */","/*jslint","    bitwise: true,","    browser: true,","    maxerr: 8,","    maxlen: 96,","    node: true,","    nomen: true,","    regexp: true,","    stupid: true","*/","(function () {","    'use strict';","    var local;","","","","    // run shared js-env code - pre-init","    (function () {","        // init local","        local = {};","        // init modeJs","        local.modeJs = (function () {","            try {","                return typeof navigator.userAgent === 'string' &&","                    typeof document.querySelector('body') === 'object' &&","                    typeof XMLHttpRequest.prototype.open === 'function' &&","                    'browser';","            } catch (errorCaughtBrowser) {","                return module.exports &&","                    typeof process.versions.node === 'string' &&","                    typeof require('http').createServer === 'function' &&","                    'node';","            }","        }());","        // init global","        local.global = local.modeJs === 'browser'","            ? window","            : global;","        switch (local.modeJs) {","        // re-init local from window.local","        case 'browser':","            local = local.global.utility2.objectSetDefault(","                local.global.utility2_rollup || local.global.local,","                local.global.utility2","            );","            break;","        // re-init local from example.js","        case 'node':","            local = (local.global.utility2_rollup || require('utility2'))","                .requireExampleJsFromReadme();","            break;","        }","        // export local","        local.global.local = local;","    }());","","","","    // run shared js-env code - function","    (function () {","        return;","    }());","    switch (local.modeJs) {","","","","    // run browser js-env code - function","    case 'browser':","        break;","","","","    // run node js-env code - function","    case 'node':","        break;","    }","","","","    // run shared js-env code - post-init","    (function () {","        return;","    }());","    switch (local.modeJs) {","","","","    // run browser js-env code - post-init","    case 'browser':","        // run tests","        local.nop(local.modeTest &&","            document.querySelector('#testRunButton1') &&","            document.querySelector('#testRunButton1').click());","        break;","","","","    // run node js-env code - post-init","    /* istanbul ignore next */","    case 'node':","        local.testCase_buildApidoc_default = local.testCase_buildApidoc_default || function (","            options,","            onError","        ) {","        /*","         * this function will test buildApidoc's default handling-behavior-behavior","         */","            options = { modulePathList: module.paths };","            local.buildApidoc(options, onError);","        };","","        local.testCase_buildApp_default = local.testCase_buildApp_default || function (","            options,","            onError","        ) {","        /*","         * this function will test buildApp's default handling-behavior-behavior","         */","            local.testCase_buildReadme_default(options, local.onErrorThrow);","            local.testCase_buildLib_default(options, local.onErrorThrow);","            local.testCase_buildTest_default(options, local.onErrorThrow);","            local.testCase_buildCustomOrg_default(options, local.onErrorThrow);","            options = [];","            local.buildApp(options, onError);","        };","","        local.testCase_buildCustomOrg_default = local.testCase_buildCustomOrg_default ||","            function (options, onError) {","            /*","             * this function will test buildCustomOrg's default handling-behavior","             */","                options = {};","                local.buildCustomOrg(options, onError);","            };","","        local.testCase_buildLib_default = local.testCase_buildLib_default || function (","            options,","            onError","        ) {","        /*","         * this function will test buildLib's default handling-behavior","         */","            options = {};","            local.buildLib(options, onError);","        };","","        local.testCase_buildReadme_default = local.testCase_buildReadme_default || function (","            options,","            onError","        ) {","        /*","         * this function will test buildReadme's default handling-behavior-behavior","         */","            options = {};","            local.buildReadme(options, onError);","        };","","        local.testCase_buildTest_default = local.testCase_buildTest_default || function (","            options,","            onError","        ) {","        /*","         * this function will test buildTest's default handling-behavior","         */","            options = {};","            local.buildTest(options, onError);","        };","","        local.testCase_webpage_default = local.testCase_webpage_default || function (","            options,","            onError","        ) {","        /*","         * this function will test webpage's default handling-behavior","         */","            options = { modeCoverageMerge: true, url: local.serverLocalHost + '?modeTest=1' };","            local.browserTest(options, onError);","        };","","        // run test-server","        local.testRunServer(local);","        break;","    }","}());",""],"l":{"12":2,"14":2,"19":2,"21":2,"23":2,"24":2,"25":2,"30":1,"37":2,"40":2,"43":1,"47":1,"50":1,"52":1,"55":2,"61":2,"62":2,"64":2,"70":1,"76":1,"82":2,"83":2,"85":2,"92":1,"95":1,"102":1,"109":1,"110":1,"113":1,"120":1,"121":1,"122":1,"123":1,"124":1,"125":1,"128":1,"133":2,"134":2,"137":1,"144":2,"145":2,"148":1,"155":2,"156":2,"159":1,"166":2,"167":2,"170":1,"177":1,"178":1,"182":1,"183":1}},"/home/travis/build/npmtest/node-npmtest-phantomjs-prebuilt/lib.npmtest_phantomjs_prebuilt.js":{"path":"/home/travis/build/npmtest/node-npmtest-phantomjs-prebuilt/lib.npmtest_phantomjs_prebuilt.js","s":{"1":2,"2":2,"3":2,"4":2,"5":2,"6":2,"7":2,"8":1,"9":2,"10":2,"11":2,"12":2,"13":1,"14":1,"15":1,"16":1},"b":{"1":[2,1,1,1],"2":[1,1,1,1],"3":[1,1],"4":[2,2],"5":[1,1]},"f":{"1":2,"2":2,"3":2},"fnMap":{"1":{"name":"(anonymous_1)","line":12,"loc":{"start":{"line":12,"column":1},"end":{"line":12,"column":13}}},"2":{"name":"(anonymous_2)","line":19,"loc":{"start":{"line":19,"column":5},"end":{"line":19,"column":17}}},"3":{"name":"(anonymous_3)","line":23,"loc":{"start":{"line":23,"column":24},"end":{"line":23,"column":36}}}},"statementMap":{"1":{"start":{"line":12,"column":0},"end":{"line":53,"column":5}},"2":{"start":{"line":14,"column":4},"end":{"line":14,"column":14}},"3":{"start":{"line":19,"column":4},"end":{"line":52,"column":9}},"4":{"start":{"line":21,"column":8},"end":{"line":21,"column":19}},"5":{"start":{"line":23,"column":8},"end":{"line":35,"column":13}},"6":{"start":{"line":24,"column":12},"end":{"line":34,"column":13}},"7":{"start":{"line":25,"column":16},"end":{"line":28,"column":30}},"8":{"start":{"line":30,"column":16},"end":{"line":33,"column":27}},"9":{"start":{"line":37,"column":8},"end":{"line":39,"column":21}},"10":{"start":{"line":41,"column":8},"end":{"line":41,"column":54}},"11":{"start":{"line":43,"column":8},"end":{"line":43,"column":63}},"12":{"start":{"line":45,"column":8},"end":{"line":51,"column":9}},"13":{"start":{"line":46,"column":12},"end":{"line":46,"column":69}},"14":{"start":{"line":48,"column":12},"end":{"line":48,"column":35}},"15":{"start":{"line":49,"column":12},"end":{"line":49,"column":49}},"16":{"start":{"line":50,"column":12},"end":{"line":50,"column":43}}},"branchMap":{"1":{"line":25,"type":"binary-expr","locations":[{"start":{"line":25,"column":23},"end":{"line":25,"column":62}},{"start":{"line":26,"column":20},"end":{"line":26,"column":70}},{"start":{"line":27,"column":20},"end":{"line":27,"column":71}},{"start":{"line":28,"column":20},"end":{"line":28,"column":29}}]},"2":{"line":30,"type":"binary-expr","locations":[{"start":{"line":30,"column":23},"end":{"line":30,"column":37}},{"start":{"line":31,"column":20},"end":{"line":31,"column":61}},{"start":{"line":32,"column":20},"end":{"line":32,"column":70}},{"start":{"line":33,"column":20},"end":{"line":33,"column":26}}]},"3":{"line":37,"type":"cond-expr","locations":[{"start":{"line":38,"column":14},"end":{"line":38,"column":20}},{"start":{"line":39,"column":14},"end":{"line":39,"column":20}}]},"4":{"line":41,"type":"binary-expr","locations":[{"start":{"line":41,"column":16},"end":{"line":41,"column":44}},{"start":{"line":41,"column":48},"end":{"line":41,"column":53}}]},"5":{"line":45,"type":"if","locations":[{"start":{"line":45,"column":8},"end":{"line":45,"column":8}},{"start":{"line":45,"column":8},"end":{"line":45,"column":8}}]}},"code":["/* istanbul instrument in package npmtest_phantomjs_prebuilt */","/*jslint","    bitwise: true,","    browser: true,","    maxerr: 8,","    maxlen: 96,","    node: true,","    nomen: true,","    regexp: true,","    stupid: true","*/","(function () {","    'use strict';","    var local;","","","","    // run shared js-env code - pre-init","    (function () {","        // init local","        local = {};","        // init modeJs","        local.modeJs = (function () {","            try {","                return typeof navigator.userAgent === 'string' &&","                    typeof document.querySelector('body') === 'object' &&","                    typeof XMLHttpRequest.prototype.open === 'function' &&","                    'browser';","            } catch (errorCaughtBrowser) {","                return module.exports &&","                    typeof process.versions.node === 'string' &&","                    typeof require('http').createServer === 'function' &&","                    'node';","            }","        }());","        // init global","        local.global = local.modeJs === 'browser'","            ? window","            : global;","        // init utility2_rollup","        local = local.global.utility2_rollup || local;","        // init lib","        local.local = local.npmtest_phantomjs_prebuilt = local;","        // init exports","        if (local.modeJs === 'browser') {","            local.global.utility2_npmtest_phantomjs_prebuilt = local;","        } else {","            module.exports = local;","            module.exports.__dirname = __dirname;","            module.exports.module = module;","        }","    }());","}());",""],"l":{"12":2,"14":2,"19":2,"21":2,"23":2,"24":2,"25":2,"30":1,"37":2,"41":2,"43":2,"45":2,"46":1,"48":1,"49":1,"50":1}},"/home/travis/build/npmtest/node-npmtest-phantomjs-prebuilt/example.js":{"path":"/home/travis/build/npmtest/node-npmtest-phantomjs-prebuilt/example.js","s":{"1":2,"2":2,"3":2,"4":2,"5":2,"6":2,"7":2,"8":1,"9":2,"10":2,"11":2,"12":2,"13":1,"14":2,"15":2,"16":2,"17":2,"18":2,"19":0,"20":2,"21":1,"22":1,"23":1,"24":1,"25":1,"26":0,"27":0,"28":1,"29":1,"30":2,"31":0,"32":0,"33":0,"34":1,"35":2,"36":2,"37":2,"38":2,"39":2,"40":2,"41":0,"42":2,"43":2,"44":2,"45":1,"46":3,"47":1,"48":1,"49":1,"50":1,"51":1,"52":1,"53":1,"54":1,"55":1,"56":1,"57":0,"58":1,"59":6,"60":6,"61":1,"62":2,"63":0,"64":2,"65":1,"66":1,"67":0,"68":0,"69":0,"70":0,"71":0,"72":0,"73":0,"74":0,"75":0,"76":0,"77":0,"78":0,"79":0,"80":0,"81":0,"82":0,"83":0},"b":{"1":[2,1,1,1],"2":[1,1,1,1],"3":[1,1],"4":[2,2],"5":[1,1],"6":[1,1],"7":[2,0],"8":[2,1,1,1,1,1],"9":[0,2,0],"10":[1,1],"11":[2,1,1],"12":[1,0],"13":[0,2],"14":[2,0,0,0,0,0,0],"15":[0,2],"16":[2,0],"17":[1,1],"18":[0,1],"19":[1,2,0,2],"20":[1,0],"21":[1,1],"22":[0,0],"23":[0,0],"24":[0,0],"25":[0,0],"26":[0,0],"27":[0,0],"28":[0,0]},"f":{"1":2,"2":2,"3":2,"4":2,"5":2,"6":2,"7":2,"8":2,"9":3,"10":1,"11":6,"12":0},"fnMap":{"1":{"name":"(anonymous_1)","line":26,"loc":{"start":{"line":26,"column":1},"end":{"line":26,"column":13}}},"2":{"name":"(anonymous_2)","line":33,"loc":{"start":{"line":33,"column":5},"end":{"line":33,"column":17}}},"3":{"name":"(anonymous_3)","line":37,"loc":{"start":{"line":37,"column":24},"end":{"line":37,"column":36}}},"4":{"name":"(anonymous_4)","line":69,"loc":{"start":{"line":69,"column":31},"end":{"line":69,"column":48}},"skip":true},"5":{"name":"(anonymous_5)","line":78,"loc":{"start":{"line":78,"column":26},"end":{"line":78,"column":45}},"skip":true},"6":{"name":"(anonymous_6)","line":123,"loc":{"start":{"line":123,"column":33},"end":{"line":123,"column":48}},"skip":true},"7":{"name":"(anonymous_7)","line":125,"loc":{"start":{"line":125,"column":27},"end":{"line":125,"column":39}},"skip":true},"8":{"name":"(anonymous_8)","line":133,"loc":{"start":{"line":133,"column":59},"end":{"line":133,"column":74}},"skip":true},"9":{"name":"(anonymous_9)","line":143,"loc":{"start":{"line":143,"column":45},"end":{"line":143,"column":62}},"skip":true},"10":{"name":"(anonymous_10)","line":144,"loc":{"start":{"line":144,"column":73},"end":{"line":144,"column":92}},"skip":true},"11":{"name":"(anonymous_11)","line":272,"loc":{"start":{"line":272,"column":51},"end":{"line":272,"column":77}},"skip":true},"12":{"name":"(anonymous_12)","line":314,"loc":{"start":{"line":314,"column":32},"end":{"line":314,"column":61}},"skip":true}},"statementMap":{"1":{"start":{"line":26,"column":0},"end":{"line":325,"column":5}},"2":{"start":{"line":28,"column":4},"end":{"line":28,"column":14}},"3":{"start":{"line":33,"column":4},"end":{"line":60,"column":9}},"4":{"start":{"line":35,"column":8},"end":{"line":35,"column":19}},"5":{"start":{"line":37,"column":8},"end":{"line":49,"column":13}},"6":{"start":{"line":38,"column":12},"end":{"line":48,"column":13}},"7":{"start":{"line":39,"column":16},"end":{"line":42,"column":30}},"8":{"start":{"line":44,"column":16},"end":{"line":47,"column":27}},"9":{"start":{"line":51,"column":8},"end":{"line":53,"column":21}},"10":{"start":{"line":55,"column":8},"end":{"line":57,"column":45}},"11":{"start":{"line":59,"column":8},"end":{"line":59,"column":35}},"12":{"start":{"line":61,"column":4},"end":{"line":324,"column":5}},"13":{"start":{"line":69,"column":8},"end":{"line":121,"column":10},"skip":true},"14":{"start":{"line":70,"column":12},"end":{"line":88,"column":13},"skip":true},"15":{"start":{"line":76,"column":16},"end":{"line":87,"column":19},"skip":true},"16":{"start":{"line":79,"column":20},"end":{"line":86,"column":21},"skip":true},"17":{"start":{"line":82,"column":24},"end":{"line":82,"column":43},"skip":true},"18":{"start":{"line":83,"column":24},"end":{"line":83,"column":30},"skip":true},"19":{"start":{"line":85,"column":24},"end":{"line":85,"column":49},"skip":true},"20":{"start":{"line":89,"column":12},"end":{"line":107,"column":13},"skip":true},"21":{"start":{"line":92,"column":16},"end":{"line":102,"column":17},"skip":true},"22":{"start":{"line":93,"column":20},"end":{"line":93,"column":86},"skip":true},"23":{"start":{"line":94,"column":20},"end":{"line":95,"column":45},"skip":true},"24":{"start":{"line":96,"column":20},"end":{"line":96,"column":42},"skip":true},"25":{"start":{"line":97,"column":20},"end":{"line":97,"column":48},"skip":true},"26":{"start":{"line":100,"column":20},"end":{"line":100,"column":85},"skip":true},"27":{"start":{"line":101,"column":20},"end":{"line":101,"column":96},"skip":true},"28":{"start":{"line":103,"column":16},"end":{"line":103,"column":22},"skip":true},"29":{"start":{"line":106,"column":16},"end":{"line":106,"column":22},"skip":true},"30":{"start":{"line":108,"column":12},"end":{"line":120,"column":13},"skip":true},"31":{"start":{"line":114,"column":16},"end":{"line":119,"column":17},"skip":true},"32":{"start":{"line":116,"column":20},"end":{"line":116,"column":78},"skip":true},"33":{"start":{"line":118,"column":20},"end":{"line":118,"column":47},"skip":true},"34":{"start":{"line":123,"column":8},"end":{"line":141,"column":11},"skip":true},"35":{"start":{"line":124,"column":12},"end":{"line":124,"column":54},"skip":true},"36":{"start":{"line":125,"column":12},"end":{"line":140,"column":14},"skip":true},"37":{"start":{"line":126,"column":16},"end":{"line":126,"column":28},"skip":true},"38":{"start":{"line":127,"column":16},"end":{"line":127,"column":69},"skip":true},"39":{"start":{"line":128,"column":16},"end":{"line":128,"column":75},"skip":true},"40":{"start":{"line":129,"column":16},"end":{"line":131,"column":17},"skip":true},"41":{"start":{"line":130,"column":20},"end":{"line":130,"column":27},"skip":true},"42":{"start":{"line":133,"column":16},"end":{"line":137,"column":36},"skip":true},"43":{"start":{"line":134,"column":20},"end":{"line":136,"column":55},"skip":true},"44":{"start":{"line":139,"column":16},"end":{"line":139,"column":57},"skip":true},"45":{"start":{"line":143,"column":8},"end":{"line":147,"column":11},"skip":true},"46":{"start":{"line":144,"column":12},"end":{"line":146,"column":15},"skip":true},"47":{"start":{"line":145,"column":16},"end":{"line":145,"column":70},"skip":true},"48":{"start":{"line":149,"column":8},"end":{"line":149,"column":31},"skip":true},"49":{"start":{"line":150,"column":8},"end":{"line":150,"column":14},"skip":true},"50":{"start":{"line":158,"column":8},"end":{"line":158,"column":31},"skip":true},"51":{"start":{"line":160,"column":8},"end":{"line":160,"column":33},"skip":true},"52":{"start":{"line":161,"column":8},"end":{"line":161,"column":37},"skip":true},"53":{"start":{"line":162,"column":8},"end":{"line":162,"column":35},"skip":true},"54":{"start":{"line":164,"column":8},"end":{"line":164,"column":50},"skip":true},"55":{"start":{"line":166,"column":8},"end":{"line":256,"column":2},"skip":true},"56":{"start":{"line":258,"column":8},"end":{"line":286,"column":9},"skip":true},"57":{"start":{"line":259,"column":12},"end":{"line":269,"column":14},"skip":true},"58":{"start":{"line":271,"column":12},"end":{"line":285,"column":19},"skip":true},"59":{"start":{"line":274,"column":20},"end":{"line":274,"column":35},"skip":true},"60":{"start":{"line":275,"column":20},"end":{"line":284,"column":21},"skip":true},"61":{"start":{"line":277,"column":24},"end":{"line":277,"column":64},"skip":true},"62":{"start":{"line":279,"column":24},"end":{"line":279,"column":40},"skip":true},"63":{"start":{"line":281,"column":24},"end":{"line":281,"column":40},"skip":true},"64":{"start":{"line":283,"column":24},"end":{"line":283,"column":39},"skip":true},"65":{"start":{"line":288,"column":8},"end":{"line":290,"column":9},"skip":true},"66":{"start":{"line":289,"column":12},"end":{"line":289,"column":18},"skip":true},"67":{"start":{"line":291,"column":8},"end":{"line":293,"column":54},"skip":true},"68":{"start":{"line":294,"column":8},"end":{"line":301,"column":37},"skip":true},"69":{"start":{"line":302,"column":8},"end":{"line":302,"column":82},"skip":true},"70":{"start":{"line":305,"column":8},"end":{"line":307,"column":9},"skip":true},"71":{"start":{"line":306,"column":12},"end":{"line":306,"column":82},"skip":true},"72":{"start":{"line":309,"column":8},"end":{"line":311,"column":9},"skip":true},"73":{"start":{"line":310,"column":12},"end":{"line":310,"column":18},"skip":true},"74":{"start":{"line":312,"column":8},"end":{"line":312,"column":54},"skip":true},"75":{"start":{"line":313,"column":8},"end":{"line":313,"column":69},"skip":true},"76":{"start":{"line":314,"column":8},"end":{"line":322,"column":36},"skip":true},"77":{"start":{"line":315,"column":12},"end":{"line":315,"column":61},"skip":true},"78":{"start":{"line":316,"column":12},"end":{"line":319,"column":13},"skip":true},"79":{"start":{"line":317,"column":16},"end":{"line":317,"column":75},"skip":true},"80":{"start":{"line":318,"column":16},"end":{"line":318,"column":23},"skip":true},"81":{"start":{"line":320,"column":12},"end":{"line":320,"column":38},"skip":true},"82":{"start":{"line":321,"column":12},"end":{"line":321,"column":27},"skip":true},"83":{"start":{"line":323,"column":8},"end":{"line":323,"column":14},"skip":true}},"branchMap":{"1":{"line":39,"type":"binary-expr","locations":[{"start":{"line":39,"column":23},"end":{"line":39,"column":62}},{"start":{"line":40,"column":20},"end":{"line":40,"column":70}},{"start":{"line":41,"column":20},"end":{"line":41,"column":71}},{"start":{"line":42,"column":20},"end":{"line":42,"column":29}}]},"2":{"line":44,"type":"binary-expr","locations":[{"start":{"line":44,"column":23},"end":{"line":44,"column":37}},{"start":{"line":45,"column":20},"end":{"line":45,"column":61}},{"start":{"line":46,"column":20},"end":{"line":46,"column":70}},{"start":{"line":47,"column":20},"end":{"line":47,"column":26}}]},"3":{"line":51,"type":"cond-expr","locations":[{"start":{"line":52,"column":14},"end":{"line":52,"column":20}},{"start":{"line":53,"column":14},"end":{"line":53,"column":20}}]},"4":{"line":55,"type":"binary-expr","locations":[{"start":{"line":55,"column":16},"end":{"line":55,"column":44}},{"start":{"line":55,"column":49},"end":{"line":57,"column":43}}]},"5":{"line":55,"type":"cond-expr","locations":[{"start":{"line":56,"column":14},"end":{"line":56,"column":62}},{"start":{"line":57,"column":14},"end":{"line":57,"column":43}}]},"6":{"line":61,"type":"switch","locations":[{"start":{"line":68,"column":4},"end":{"line":150,"column":14},"skip":true},{"start":{"line":156,"column":4},"end":{"line":323,"column":14},"skip":true}]},"7":{"line":70,"type":"if","locations":[{"start":{"line":70,"column":12},"end":{"line":70,"column":12},"skip":true},{"start":{"line":70,"column":12},"end":{"line":70,"column":12},"skip":true}]},"8":{"line":70,"type":"binary-expr","locations":[{"start":{"line":70,"column":16},"end":{"line":70,"column":22},"skip":true},{"start":{"line":70,"column":27},"end":{"line":70,"column":32},"skip":true},{"start":{"line":71,"column":20},"end":{"line":71,"column":39},"skip":true},{"start":{"line":72,"column":20},"end":{"line":72,"column":49},"skip":true},{"start":{"line":73,"column":20},"end":{"line":73,"column":58},"skip":true},{"start":{"line":74,"column":20},"end":{"line":74,"column":69},"skip":true}]},"9":{"line":79,"type":"switch","locations":[{"start":{"line":80,"column":20},"end":{"line":80,"column":33},"skip":true},{"start":{"line":81,"column":20},"end":{"line":83,"column":30},"skip":true},{"start":{"line":84,"column":20},"end":{"line":85,"column":49},"skip":true}]},"10":{"line":89,"type":"switch","locations":[{"start":{"line":90,"column":12},"end":{"line":103,"column":22},"skip":true},{"start":{"line":105,"column":12},"end":{"line":106,"column":22},"skip":true}]},"11":{"line":89,"type":"binary-expr","locations":[{"start":{"line":89,"column":20},"end":{"line":89,"column":25},"skip":true},{"start":{"line":89,"column":29},"end":{"line":89,"column":48},"skip":true},{"start":{"line":89,"column":52},"end":{"line":89,"column":74},"skip":true}]},"12":{"line":92,"type":"if","locations":[{"start":{"line":92,"column":16},"end":{"line":92,"column":16},"skip":true},{"start":{"line":92,"column":16},"end":{"line":92,"column":16},"skip":true}]},"13":{"line":108,"type":"if","locations":[{"start":{"line":108,"column":12},"end":{"line":108,"column":12},"skip":true},{"start":{"line":108,"column":12},"end":{"line":108,"column":12},"skip":true}]},"14":{"line":108,"type":"binary-expr","locations":[{"start":{"line":108,"column":16},"end":{"line":108,"column":61},"skip":true},{"start":{"line":108,"column":66},"end":{"line":108,"column":72},"skip":true},{"start":{"line":108,"column":77},"end":{"line":108,"column":82},"skip":true},{"start":{"line":109,"column":20},"end":{"line":109,"column":39},"skip":true},{"start":{"line":110,"column":20},"end":{"line":110,"column":49},"skip":true},{"start":{"line":111,"column":20},"end":{"line":111,"column":58},"skip":true},{"start":{"line":112,"column":20},"end":{"line":112,"column":68},"skip":true}]},"15":{"line":129,"type":"if","locations":[{"start":{"line":129,"column":16},"end":{"line":129,"column":16},"skip":true},{"start":{"line":129,"column":16},"end":{"line":129,"column":16},"skip":true}]},"16":{"line":134,"type":"cond-expr","locations":[{"start":{"line":135,"column":26},"end":{"line":135,"column":29},"skip":true},{"start":{"line":136,"column":26},"end":{"line":136,"column":54},"skip":true}]},"17":{"line":164,"type":"binary-expr","locations":[{"start":{"line":164,"column":27},"end":{"line":164,"column":43},"skip":true},{"start":{"line":164,"column":47},"end":{"line":164,"column":49},"skip":true}]},"18":{"line":258,"type":"if","locations":[{"start":{"line":258,"column":8},"end":{"line":258,"column":8},"skip":true},{"start":{"line":258,"column":8},"end":{"line":258,"column":8},"skip":true}]},"19":{"line":275,"type":"switch","locations":[{"start":{"line":276,"column":20},"end":{"line":277,"column":64},"skip":true},{"start":{"line":278,"column":20},"end":{"line":279,"column":40},"skip":true},{"start":{"line":280,"column":20},"end":{"line":281,"column":40},"skip":true},{"start":{"line":282,"column":20},"end":{"line":283,"column":39},"skip":true}]},"20":{"line":288,"type":"if","locations":[{"start":{"line":288,"column":8},"end":{"line":288,"column":8},"skip":true},{"start":{"line":288,"column":8},"end":{"line":288,"column":8},"skip":true}]},"21":{"line":288,"type":"binary-expr","locations":[{"start":{"line":288,"column":12},"end":{"line":288,"column":40},"skip":true},{"start":{"line":288,"column":44},"end":{"line":288,"column":67},"skip":true}]},"22":{"line":292,"type":"binary-expr","locations":[{"start":{"line":292,"column":12},"end":{"line":292,"column":50},"skip":true},{"start":{"line":293,"column":12},"end":{"line":293,"column":53},"skip":true}]},"23":{"line":295,"type":"binary-expr","locations":[{"start":{"line":295,"column":12},"end":{"line":295,"column":76},"skip":true},{"start":{"line":296,"column":12},"end":{"line":301,"column":36},"skip":true}]},"24":{"line":302,"type":"binary-expr","locations":[{"start":{"line":302,"column":43},"end":{"line":302,"column":75},"skip":true},{"start":{"line":302,"column":79},"end":{"line":302,"column":81},"skip":true}]},"25":{"line":305,"type":"if","locations":[{"start":{"line":305,"column":8},"end":{"line":305,"column":8},"skip":true},{"start":{"line":305,"column":8},"end":{"line":305,"column":8},"skip":true}]},"26":{"line":309,"type":"if","locations":[{"start":{"line":309,"column":8},"end":{"line":309,"column":8},"skip":true},{"start":{"line":309,"column":8},"end":{"line":309,"column":8},"skip":true}]},"27":{"line":312,"type":"binary-expr","locations":[{"start":{"line":312,"column":27},"end":{"line":312,"column":43},"skip":true},{"start":{"line":312,"column":47},"end":{"line":312,"column":53},"skip":true}]},"28":{"line":316,"type":"if","locations":[{"start":{"line":316,"column":12},"end":{"line":316,"column":12},"skip":true},{"start":{"line":316,"column":12},"end":{"line":316,"column":12},"skip":true}]}},"code":["/*","example.js","","quickstart example","","instruction","    1. save this script as example.js","    2. run the shell command:","        $ npm install npmtest-phantomjs-prebuilt && PORT=8081 node example.js","    3. play with the browser-demo on http://127.0.0.1:8081","*/","","","","/* istanbul instrument in package npmtest_phantomjs_prebuilt */","/*jslint","    bitwise: true,","    browser: true,","    maxerr: 8,","    maxlen: 96,","    node: true,","    nomen: true,","    regexp: true,","    stupid: true","*/","(function () {","    'use strict';","    var local;","","","","    // run shared js-env code - pre-init","    (function () {","        // init local","        local = {};","        // init modeJs","        local.modeJs = (function () {","            try {","                return typeof navigator.userAgent === 'string' &&","                    typeof document.querySelector('body') === 'object' &&","                    typeof XMLHttpRequest.prototype.open === 'function' &&","                    'browser';","            } catch (errorCaughtBrowser) {","                return module.exports &&","                    typeof process.versions.node === 'string' &&","                    typeof require('http').createServer === 'function' &&","                    'node';","            }","        }());","        // init global","        local.global = local.modeJs === 'browser'","            ? window","            : global;","        // init utility2_rollup","        local = local.global.utility2_rollup || (local.modeJs === 'browser'","            ? local.global.utility2_npmtest_phantomjs_prebuilt","            : global.utility2_moduleExports);","        // export local","        local.global.local = local;","    }());","    switch (local.modeJs) {","","","","    // post-init","    // run browser js-env code - post-init","    /* istanbul ignore next */","    case 'browser':","        local.testRunBrowser = function (event) {","            if (!event || (event &&","                    event.currentTarget &&","                    event.currentTarget.className &&","                    event.currentTarget.className.includes &&","                    event.currentTarget.className.includes('onreset'))) {","                // reset output","                Array.from(","                    document.querySelectorAll('body > .resettable')","                ).forEach(function (element) {","                    switch (element.tagName) {","                    case 'INPUT':","                    case 'TEXTAREA':","                        element.value = '';","                        break;","                    default:","                        element.textContent = '';","                    }","                });","            }","            switch (event && event.currentTarget && event.currentTarget.id) {","            case 'testRunButton1':","                // show tests","                if (document.querySelector('#testReportDiv1').style.display === 'none') {","                    document.querySelector('#testReportDiv1').style.display = 'block';","                    document.querySelector('#testRunButton1').textContent =","                        'hide internal test';","                    local.modeTest = true;","                    local.testRunDefault(local);","                // hide tests","                } else {","                    document.querySelector('#testReportDiv1').style.display = 'none';","                    document.querySelector('#testRunButton1').textContent = 'run internal test';","                }","                break;","            // custom-case","            default:","                break;","            }","            if (document.querySelector('#inputTextareaEval1') && (!event || (event &&","                    event.currentTarget &&","                    event.currentTarget.className &&","                    event.currentTarget.className.includes &&","                    event.currentTarget.className.includes('oneval')))) {","                // try to eval input-code","                try {","                    /*jslint evil: true*/","                    eval(document.querySelector('#inputTextareaEval1').value);","                } catch (errorCaught) {","                    console.error(errorCaught);","                }","            }","        };","        // log stderr and stdout to #outputTextareaStdout1","        ['error', 'log'].forEach(function (key) {","            console[key + '_original'] = console[key];","            console[key] = function () {","                var element;","                console[key + '_original'].apply(console, arguments);","                element = document.querySelector('#outputTextareaStdout1');","                if (!element) {","                    return;","                }","                // append text to #outputTextareaStdout1","                element.value += Array.from(arguments).map(function (arg) {","                    return typeof arg === 'string'","                        ? arg","                        : JSON.stringify(arg, null, 4);","                }).join(' ') + '\\n';","                // scroll textarea to bottom","                element.scrollTop = element.scrollHeight;","            };","        });","        // init event-handling","        ['change', 'click', 'keyup'].forEach(function (event) {","            Array.from(document.querySelectorAll('.on' + event)).forEach(function (element) {","                element.addEventListener(event, local.testRunBrowser);","            });","        });","        // run tests","        local.testRunBrowser();","        break;","","","","    // run node js-env code - post-init","    /* istanbul ignore next */","    case 'node':","        // export local","        module.exports = local;","        // require modules","        local.fs = require('fs');","        local.http = require('http');","        local.url = require('url');","        // init assets","        local.assetsDict = local.assetsDict || {};","        /* jslint-ignore-begin */","        local.assetsDict['/assets.index.template.html'] = '\\","<!doctype html>\\n\\","<html lang=\"en\">\\n\\","<head>\\n\\","<meta charset=\"UTF-8\">\\n\\","<meta name=\"viewport\" content=\"width=device-width, initial-scale=1\">\\n\\","<title>{{env.npm_package_name}} (v{{env.npm_package_version}})</title>\\n\\","<style>\\n\\","/*csslint\\n\\","    box-sizing: false,\\n\\","    universal-selector: false\\n\\","*/\\n\\","* {\\n\\","    box-sizing: border-box;\\n\\","}\\n\\","body {\\n\\","    background: #dde;\\n\\","    font-family: Arial, Helvetica, sans-serif;\\n\\","    margin: 2rem;\\n\\","}\\n\\","body > * {\\n\\","    margin-bottom: 1rem;\\n\\","}\\n\\",".utility2FooterDiv {\\n\\","    margin-top: 20px;\\n\\","    text-align: center;\\n\\","}\\n\\","</style>\\n\\","<style>\\n\\","/*csslint\\n\\","*/\\n\\","textarea {\\n\\","    font-family: monospace;\\n\\","    height: 10rem;\\n\\","    width: 100%;\\n\\","}\\n\\","textarea[readonly] {\\n\\","    background: #ddd;\\n\\","}\\n\\","</style>\\n\\","</head>\\n\\","<body>\\n\\","<!-- utility2-comment\\n\\","<div id=\"ajaxProgressDiv1\" style=\"background: #d00; height: 2px; left: 0; margin: 0; padding: 0; position: fixed; top: 0; transition: background 0.5s, width 1.5s; width: 25%;\"></div>\\n\\","utility2-comment -->\\n\\","<h1>\\n\\","<!-- utility2-comment\\n\\","    <a\\n\\","        {{#if env.npm_package_homepage}}\\n\\","        href=\"{{env.npm_package_homepage}}\"\\n\\","        {{/if env.npm_package_homepage}}\\n\\","        target=\"_blank\"\\n\\","    >\\n\\","utility2-comment -->\\n\\","        {{env.npm_package_name}} (v{{env.npm_package_version}})\\n\\","<!-- utility2-comment\\n\\","    </a>\\n\\","utility2-comment -->\\n\\","</h1>\\n\\","<h3>{{env.npm_package_description}}</h3>\\n\\","<!-- utility2-comment\\n\\","<h4><a download href=\"assets.app.js\">download standalone app</a></h4>\\n\\","<button class=\"onclick onreset\" id=\"testRunButton1\">run internal test</button><br>\\n\\","<div id=\"testReportDiv1\" style=\"display: none;\"></div>\\n\\","utility2-comment -->\\n\\","\\n\\","\\n\\","\\n\\","<label>stderr and stdout</label>\\n\\","<textarea class=\"resettable\" id=\"outputTextareaStdout1\" readonly></textarea>\\n\\","<!-- utility2-comment\\n\\","{{#if isRollup}}\\n\\","<script src=\"assets.app.js\"></script>\\n\\","{{#unless isRollup}}\\n\\","utility2-comment -->\\n\\","<script src=\"assets.utility2.rollup.js\"></script>\\n\\","<script src=\"jsonp.utility2._stateInit?callback=window.utility2._stateInit\"></script>\\n\\","<script src=\"assets.npmtest_phantomjs_prebuilt.rollup.js\"></script>\\n\\","<script src=\"assets.example.js\"></script>\\n\\","<script src=\"assets.test.js\"></script>\\n\\","<!-- utility2-comment\\n\\","{{/if isRollup}}\\n\\","utility2-comment -->\\n\\","<div class=\"utility2FooterDiv\">\\n\\","    [ this app was created with\\n\\","    <a href=\"https://github.com/kaizhu256/node-utility2\" target=\"_blank\">utility2</a>\\n\\","    ]\\n\\","</div>\\n\\","</body>\\n\\","</html>\\n\\","';","        /* jslint-ignore-end */","        if (local.templateRender) {","            local.assetsDict['/'] = local.templateRender(","                local.assetsDict['/assets.index.template.html'],","                {","                    env: local.objectSetDefault(local.env, {","                        npm_package_description: 'the greatest app in the world!',","                        npm_package_name: 'my-app',","                        npm_package_nameAlias: 'my_app',","                        npm_package_version: '0.0.1'","                    })","                }","            );","        } else {","            local.assetsDict['/'] = local.assetsDict['/assets.index.template.html']","                .replace((/\\{\\{env\\.(\\w+?)\\}\\}/g), function (match0, match1) {","                    // jslint-hack","                    String(match0);","                    switch (match1) {","                    case 'npm_package_description':","                        return 'the greatest app in the world!';","                    case 'npm_package_name':","                        return 'my-app';","                    case 'npm_package_nameAlias':","                        return 'my_app';","                    case 'npm_package_version':","                        return '0.0.1';","                    }","                });","        }","        // run the cli","        if (local.global.utility2_rollup || module !== require.main) {","            break;","        }","        local.assetsDict['/assets.example.js'] =","            local.assetsDict['/assets.example.js'] ||","            local.fs.readFileSync(__filename, 'utf8');","        local.assetsDict['/assets.npmtest_phantomjs_prebuilt.rollup.js'] =","            local.assetsDict['/assets.npmtest_phantomjs_prebuilt.rollup.js'] ||","            local.fs.readFileSync(","                // buildCustomOrg-hack","                local.npmtest_phantomjs_prebuilt.__dirname +","                    '/lib.npmtest_phantomjs_prebuilt.js',","                'utf8'","            ).replace((/^#!/), '//');","        local.assetsDict['/favicon.ico'] = local.assetsDict['/favicon.ico'] || '';","        // if $npm_config_timeout_exit exists,","        // then exit this process after $npm_config_timeout_exit ms","        if (Number(process.env.npm_config_timeout_exit)) {","            setTimeout(process.exit, Number(process.env.npm_config_timeout_exit));","        }","        // start server","        if (local.global.utility2_serverHttp1) {","            break;","        }","        process.env.PORT = process.env.PORT || '8081';","        console.error('server starting on port ' + process.env.PORT);","        local.http.createServer(function (request, response) {","            request.urlParsed = local.url.parse(request.url);","            if (local.assetsDict[request.urlParsed.pathname] !== undefined) {","                response.end(local.assetsDict[request.urlParsed.pathname]);","                return;","            }","            response.statusCode = 404;","            response.end();","        }).listen(process.env.PORT);","        break;","    }","}());",""],"l":{"26":2,"28":2,"33":2,"35":2,"37":2,"38":2,"39":2,"44":1,"51":2,"55":2,"59":2,"61":2,"69":1,"70":2,"76":2,"79":2,"82":2,"83":2,"85":1,"89":2,"92":1,"93":1,"94":1,"96":1,"97":1,"100":1,"101":1,"103":1,"106":1,"108":2,"114":1,"116":1,"118":1,"123":1,"124":2,"125":2,"126":2,"127":2,"128":2,"129":2,"130":1,"133":2,"134":2,"139":2,"143":1,"144":3,"145":1,"149":1,"150":1,"158":1,"160":1,"161":1,"162":1,"164":1,"166":1,"258":1,"259":1,"271":1,"274":6,"275":6,"277":1,"279":2,"281":1,"283":2,"288":1,"289":1,"291":1,"294":1,"302":1,"305":1,"306":1,"309":1,"310":1,"312":1,"313":1,"314":1,"315":1,"316":1,"317":1,"318":1,"320":1,"321":1,"323":1}},"/home/travis/build/npmtest/node-npmtest-phantomjs-prebuilt/node_modules/phantomjs-prebuilt/lib/phantomjs.js":{"path":"/home/travis/build/npmtest/node-npmtest-phantomjs-prebuilt/node_modules/phantomjs-prebuilt/lib/phantomjs.js","s":{"1":1,"2":1,"3":1,"4":1,"5":1,"6":1,"7":1,"8":1,"9":1,"10":0,"11":1,"12":1,"13":1,"14":1,"15":1,"16":1,"17":1,"18":1,"19":0,"20":1,"21":0,"22":0,"23":1,"24":0,"25":0,"26":0,"27":0,"28":0,"29":0,"30":0,"31":0,"32":0,"33":0,"34":0,"35":0,"36":0,"37":0,"38":0,"39":0,"40":0,"41":0,"42":0,"43":0,"44":0,"45":0,"46":0,"47":0,"48":0,"49":0,"50":0,"51":0},"b":{"1":[1,0],"2":[0,1],"3":[0,0],"4":[0,0],"5":[0,0],"6":[0,0],"7":[0,0]},"f":{"1":1,"2":0,"3":0,"4":0,"5":0,"6":0,"7":0,"8":0},"fnMap":{"1":{"name":"(anonymous_1)","line":42,"loc":{"start":{"line":42,"column":20},"end":{"line":42,"column":36}}},"2":{"name":"(anonymous_2)","line":70,"loc":{"start":{"line":70,"column":15},"end":{"line":70,"column":27}}},"3":{"name":"(anonymous_3)","line":85,"loc":{"start":{"line":85,"column":14},"end":{"line":85,"column":26}}},"4":{"name":"(anonymous_4)","line":87,"loc":{"start":{"line":87,"column":21},"end":{"line":87,"column":48}}},"5":{"name":"(anonymous_5)","line":92,"loc":{"start":{"line":92,"column":32},"end":{"line":92,"column":44}}},"6":{"name":"(anonymous_6)","line":98,"loc":{"start":{"line":98,"column":32},"end":{"line":98,"column":48}}},"7":{"name":"(anonymous_7)","line":101,"loc":{"start":{"line":101,"column":26},"end":{"line":101,"column":41}}},"8":{"name":"(anonymous_8)","line":106,"loc":{"start":{"line":106,"column":25},"end":{"line":106,"column":41}}}},"statementMap":{"1":{"start":{"line":8,"column":0},"end":{"line":8,"column":22}},"2":{"start":{"line":9,"column":0},"end":{"line":9,"column":26}},"3":{"start":{"line":10,"column":0},"end":{"line":10,"column":42}},"4":{"start":{"line":11,"column":0},"end":{"line":11,"column":44}},"5":{"start":{"line":18,"column":0},"end":{"line":26,"column":1}},"6":{"start":{"line":19,"column":2},"end":{"line":19,"column":38}},"7":{"start":{"line":20,"column":2},"end":{"line":20,"column":59}},"8":{"start":{"line":21,"column":2},"end":{"line":21,"column":38}},"9":{"start":{"line":22,"column":2},"end":{"line":22,"column":30}},"10":{"start":{"line":25,"column":2},"end":{"line":25,"column":21}},"11":{"start":{"line":33,"column":0},"end":{"line":33,"column":25}},"12":{"start":{"line":42,"column":0},"end":{"line":48,"column":1}},"13":{"start":{"line":43,"column":2},"end":{"line":47,"column":25}},"14":{"start":{"line":53,"column":0},"end":{"line":65,"column":1}},"15":{"start":{"line":54,"column":2},"end":{"line":64,"column":3}},"16":{"start":{"line":56,"column":4},"end":{"line":56,"column":38}},"17":{"start":{"line":57,"column":4},"end":{"line":57,"column":44}},"18":{"start":{"line":58,"column":4},"end":{"line":60,"column":5}},"19":{"start":{"line":59,"column":6},"end":{"line":59,"column":38}},"20":{"start":{"line":70,"column":0},"end":{"line":73,"column":1}},"21":{"start":{"line":71,"column":2},"end":{"line":71,"column":50}},"22":{"start":{"line":72,"column":2},"end":{"line":72,"column":34}},"23":{"start":{"line":85,"column":0},"end":{"line":124,"column":1}},"24":{"start":{"line":86,"column":2},"end":{"line":86,"column":22}},"25":{"start":{"line":87,"column":2},"end":{"line":123,"column":4}},"26":{"start":{"line":88,"column":4},"end":{"line":122,"column":5}},"27":{"start":{"line":89,"column":6},"end":{"line":89,"column":50}},"28":{"start":{"line":90,"column":6},"end":{"line":90,"column":24}},"29":{"start":{"line":91,"column":6},"end":{"line":91,"column":21}},"30":{"start":{"line":92,"column":6},"end":{"line":97,"column":8}},"31":{"start":{"line":94,"column":8},"end":{"line":94,"column":28}},"32":{"start":{"line":94,"column":22},"end":{"line":94,"column":28}},"33":{"start":{"line":95,"column":8},"end":{"line":95,"column":23}},"34":{"start":{"line":96,"column":8},"end":{"line":96,"column":24}},"35":{"start":{"line":98,"column":6},"end":{"line":100,"column":8}},"36":{"start":{"line":99,"column":8},"end":{"line":99,"column":47}},"37":{"start":{"line":101,"column":6},"end":{"line":105,"column":8}},"38":{"start":{"line":102,"column":8},"end":{"line":102,"column":28}},"39":{"start":{"line":102,"column":22},"end":{"line":102,"column":28}},"40":{"start":{"line":103,"column":8},"end":{"line":103,"column":23}},"41":{"start":{"line":104,"column":8},"end":{"line":104,"column":19}},"42":{"start":{"line":106,"column":6},"end":{"line":119,"column":8}},"43":{"start":{"line":107,"column":8},"end":{"line":107,"column":28}},"44":{"start":{"line":107,"column":22},"end":{"line":107,"column":28}},"45":{"start":{"line":108,"column":8},"end":{"line":108,"column":23}},"46":{"start":{"line":109,"column":8},"end":{"line":118,"column":9}},"47":{"start":{"line":111,"column":10},"end":{"line":115,"column":11}},"48":{"start":{"line":112,"column":12},"end":{"line":112,"column":37}},"49":{"start":{"line":114,"column":12},"end":{"line":114,"column":28}},"50":{"start":{"line":117,"column":10},"end":{"line":117,"column":49}},"51":{"start":{"line":121,"column":6},"end":{"line":121,"column":17}}},"branchMap":{"1":{"line":53,"type":"if","locations":[{"start":{"line":53,"column":0},"end":{"line":53,"column":0}},{"start":{"line":53,"column":0},"end":{"line":53,"column":0}}]},"2":{"line":58,"type":"if","locations":[{"start":{"line":58,"column":4},"end":{"line":58,"column":4}},{"start":{"line":58,"column":4},"end":{"line":58,"column":4}}]},"3":{"line":94,"type":"if","locations":[{"start":{"line":94,"column":8},"end":{"line":94,"column":8}},{"start":{"line":94,"column":8},"end":{"line":94,"column":8}}]},"4":{"line":102,"type":"if","locations":[{"start":{"line":102,"column":8},"end":{"line":102,"column":8}},{"start":{"line":102,"column":8},"end":{"line":102,"column":8}}]},"5":{"line":107,"type":"if","locations":[{"start":{"line":107,"column":8},"end":{"line":107,"column":8}},{"start":{"line":107,"column":8},"end":{"line":107,"column":8}}]},"6":{"line":109,"type":"if","locations":[{"start":{"line":109,"column":8},"end":{"line":109,"column":8}},{"start":{"line":109,"column":8},"end":{"line":109,"column":8}}]},"7":{"line":111,"type":"if","locations":[{"start":{"line":111,"column":10},"end":{"line":111,"column":10}},{"start":{"line":111,"column":10},"end":{"line":111,"column":10}}]}},"code":["// Copyright 2013 The Obvious Corporation.","","/**"," * @fileoverview Helpers made available via require('phantomjs') once package is"," * installed."," */","","var fs = require('fs')","var path = require('path')","var spawn = require('child_process').spawn","var Promise = require('es6-promise').Promise","","","/**"," * Where the phantom binary can be found."," * @type {string}"," */","try {","  var location = require('./location')","  exports.path = path.resolve(__dirname, location.location)","  exports.platform = location.platform","  exports.arch = location.arch","} catch(e) {","  // Must be running inside install script.","  exports.path = null","}","","","/**"," * The version of phantomjs installed by this package."," * @type {number}"," */","exports.version = '2.1.1'","","","/**"," * Returns a clean path that helps avoid `which` finding bin files installed"," * by NPM for this repo."," * @param {string} path"," * @return {string}"," */","exports.cleanPath = function (path) {","  return path","      .replace(/:[^:]*node_modules[^:]*/g, '')","      .replace(/(^|:)\\.\\/bin(\\:|$)/g, ':')","      .replace(/^:+/, '')","      .replace(/:+$/, '')","}","","","// Make sure the binary is executable.  For some reason doing this inside","// install does not work correctly, likely due to some NPM step.","if (exports.path) {","  try {","    // avoid touching the binary if it's already got the correct permissions","    var st = fs.statSync(exports.path)","    var mode = st.mode | parseInt('0555', 8)","    if (mode !== st.mode) {","      fs.chmodSync(exports.path, mode)","    }","  } catch (e) {","    // Just ignore error if we don't have permission.","    // We did our best. Likely because phantomjs was already installed.","  }","}","","/**"," * Executes a script or just runs PhantomJS"," */","exports.exec = function () {","  var args = Array.prototype.slice.call(arguments)","  return spawn(exports.path, args)","}","","/**"," * Runs PhantomJS with provided options"," * @example"," * // handy with WebDriver"," * phantomjs.run('--webdriver=4444').then(program => {"," *   // do something"," *   program.kill()"," * })"," * @returns {Promise} the process of PhantomJS"," */","exports.run = function () {","  var args = arguments","  return new Promise(function (resolve, reject) {","    try {","      var program = exports.exec.apply(null, args)","      var isFirst = true","      var stderr = ''","      program.stdout.on('data', function () {","        // This detects PhantomJS instance get ready.","        if (!isFirst) return","        isFirst = false","        resolve(program)","      })","      program.stderr.on('data', function (data) {","        stderr = stderr + data.toString('utf8')","      })","      program.on('error', function (err) {","        if (!isFirst) return","        isFirst = false","        reject(err)","      })","      program.on('exit', function (code) {","        if (!isFirst) return","        isFirst = false","        if (code == 0) {","          // PhantomJS doesn't use exit codes correctly :(","          if (stderr.indexOf('Error:') == 0) {","            reject(new Error(stderr))","          } else {","            resolve(program)","          }","        } else {","          reject(new Error('Exit code: ' + code))","        }","      })","    } catch (err) {","      reject(err)","    }","  })","}",""],"l":{"8":1,"9":1,"10":1,"11":1,"18":1,"19":1,"20":1,"21":1,"22":1,"25":0,"33":1,"42":1,"43":1,"53":1,"54":1,"56":1,"57":1,"58":1,"59":0,"70":1,"71":0,"72":0,"85":1,"86":0,"87":0,"88":0,"89":0,"90":0,"91":0,"92":0,"94":0,"95":0,"96":0,"98":0,"99":0,"101":0,"102":0,"103":0,"104":0,"106":0,"107":0,"108":0,"109":0,"111":0,"112":0,"114":0,"117":0,"121":0}},"/home/travis/build/npmtest/node-npmtest-phantomjs-prebuilt/node_modules/phantomjs-prebuilt/lib/location.js":{"path":"/home/travis/build/npmtest/node-npmtest-phantomjs-prebuilt/node_modules/phantomjs-prebuilt/lib/location.js","s":{"1":1,"2":1,"3":1},"b":{},"f":{},"fnMap":{},"statementMap":{"1":{"start":{"line":1,"column":0},"end":{"line":1,"column":49}},"2":{"start":{"line":2,"column":0},"end":{"line":2,"column":33}},"3":{"start":{"line":3,"column":0},"end":{"line":3,"column":27}}},"branchMap":{},"code":["module.exports.location = \"phantom/bin/phantomjs\"","module.exports.platform = \"linux\"","module.exports.arch = \"x64\"",""],"l":{"1":1,"2":1,"3":1}},"/home/travis/build/npmtest/node-npmtest-phantomjs-prebuilt/node_modules/phantomjs-prebuilt/install.js":{"path":"/home/travis/build/npmtest/node-npmtest-phantomjs-prebuilt/node_modules/phantomjs-prebuilt/install.js","s":{"1":1,"2":1,"3":1,"4":1,"5":1,"6":1,"7":1,"8":1,"9":1,"10":1,"11":1,"12":1,"13":1,"14":1,"15":1,"16":1,"17":1,"18":1,"19":1,"20":1,"21":1,"22":1,"23":1,"24":0,"25":0,"26":0,"27":1,"28":1,"29":1,"30":1,"31":1,"32":1,"33":1,"34":1,"35":1,"36":0,"37":0,"38":0,"39":0,"40":1,"41":1,"42":1,"43":1,"44":0,"45":0,"46":1,"47":3,"48":3,"49":3,"50":1,"51":1,"52":1,"53":1,"54":1,"55":1,"56":0,"57":1,"58":1,"59":1,"60":1,"61":1,"62":1,"63":1,"64":1,"65":0,"66":0,"67":0,"68":1,"69":0,"70":0,"71":0,"72":0,"73":0,"74":0,"75":0,"76":0,"77":0,"78":0,"79":0,"80":0,"81":0,"82":0,"83":0,"84":0,"85":0,"86":0,"87":0,"88":0,"89":0,"90":0,"91":0,"92":0,"93":0,"94":1,"95":0,"96":0,"97":0,"98":0,"99":0,"100":0,"101":0,"102":0,"103":1,"104":0,"105":0,"106":0,"107":0,"108":0,"109":0,"110":0,"111":0,"112":0,"113":0,"114":0,"115":0,"116":0,"117":0,"118":0,"119":0,"120":0,"121":0,"122":0,"123":0,"124":0,"125":1,"126":1,"127":1,"128":1,"129":1,"130":1,"131":1,"132":0,"133":0,"134":0,"135":0,"136":0,"137":0,"138":1,"139":1,"140":1,"141":0,"142":0,"143":1,"144":1,"145":1,"146":1,"147":1,"148":1,"149":1,"150":1,"151":1,"152":1,"153":1,"154":0,"155":0,"156":1,"157":1,"158":1,"159":1,"160":1,"161":1,"162":1,"163":1,"164":0,"165":0,"166":1,"167":1,"168":1,"169":1,"170":0,"171":0,"172":1,"173":1,"174":1,"175":1,"176":1,"177":1,"178":1,"179":1,"180":1,"181":1,"182":0,"183":0,"184":0,"185":0,"186":0,"187":0,"188":0,"189":0,"190":1,"191":0,"192":0,"193":1,"194":1,"195":1,"196":0,"197":0,"198":1,"199":1,"200":1,"201":1,"202":1,"203":1,"204":1,"205":1,"206":1,"207":0,"208":1,"209":1,"210":0,"211":0,"212":0},"b":{"1":[0,0],"2":[0,1],"3":[0,0],"4":[3,3],"5":[0,1],"6":[0,0],"7":[0,0,0],"8":[0,0],"9":[0,0],"10":[0,0],"11":[0,0],"12":[0,0],"13":[0,0],"14":[0,0],"15":[0,0],"16":[0,0,0],"17":[0,0],"18":[0,0],"19":[0,0],"20":[0,0],"21":[0,0],"22":[0,1],"23":[0,0],"24":[0,1],"25":[1,0],"26":[1,1],"27":[1,0],"28":[0,1],"29":[1,1],"30":[0,1],"31":[1,0],"32":[1,0],"33":[0,0],"34":[0,0],"35":[0,1],"36":[1,0],"37":[1,0]},"f":{"1":0,"2":1,"3":1,"4":0,"5":3,"6":1,"7":0,"8":0,"9":0,"10":0,"11":0,"12":1,"13":0,"14":1,"15":1,"16":1,"17":1,"18":1,"19":1,"20":0,"21":1,"22":1,"23":1,"24":0,"25":0,"26":0,"27":0,"28":1,"29":1,"30":1},"fnMap":{"1":{"name":"(anonymous_1)","line":36,"loc":{"start":{"line":36,"column":19},"end":{"line":36,"column":31}}},"2":{"name":"(anonymous_2)","line":68,"loc":{"start":{"line":68,"column":8},"end":{"line":68,"column":33}}},"3":{"name":"(anonymous_3)","line":71,"loc":{"start":{"line":71,"column":8},"end":{"line":71,"column":20}}},"4":{"name":"(anonymous_4)","line":93,"loc":{"start":{"line":93,"column":8},"end":{"line":93,"column":23}}},"5":{"name":"exit","line":98,"loc":{"start":{"line":98,"column":0},"end":{"line":98,"column":20}}},"6":{"name":"findSuitableTempDirectory","line":105,"loc":{"start":{"line":105,"column":0},"end":{"line":105,"column":37}}},"7":{"name":"getRequestOptions","line":139,"loc":{"start":{"line":139,"column":0},"end":{"line":139,"column":29}}},"8":{"name":"handleRequestError","line":204,"loc":{"start":{"line":204,"column":0},"end":{"line":204,"column":35}}},"9":{"name":"requestBinary","line":220,"loc":{"start":{"line":220,"column":0},"end":{"line":220,"column":49}}},"10":{"name":"(anonymous_10)","line":227,"loc":{"start":{"line":227,"column":42},"end":{"line":227,"column":75}}},"11":{"name":"(anonymous_11)","line":247,"loc":{"start":{"line":247,"column":21},"end":{"line":247,"column":38}}},"12":{"name":"extractDownload","line":264,"loc":{"start":{"line":264,"column":0},"end":{"line":264,"column":35}}},"13":{"name":"(anonymous_13)","line":278,"loc":{"start":{"line":278,"column":61},"end":{"line":278,"column":75}}},"14":{"name":"(anonymous_14)","line":289,"loc":{"start":{"line":289,"column":65},"end":{"line":289,"column":80}}},"15":{"name":"copyIntoPlace","line":302,"loc":{"start":{"line":302,"column":0},"end":{"line":302,"column":50}}},"16":{"name":"(anonymous_16)","line":304,"loc":{"start":{"line":304,"column":48},"end":{"line":304,"column":60}}},"17":{"name":"tryPhantomjsInLib","line":323,"loc":{"start":{"line":323,"column":0},"end":{"line":323,"column":29}}},"18":{"name":"(anonymous_18)","line":324,"loc":{"start":{"line":324,"column":19},"end":{"line":324,"column":31}}},"19":{"name":"(anonymous_19)","line":326,"loc":{"start":{"line":326,"column":10},"end":{"line":326,"column":36}}},"20":{"name":"(anonymous_20)","line":331,"loc":{"start":{"line":331,"column":10},"end":{"line":331,"column":22}}},"21":{"name":"tryPhantomjsOnPath","line":339,"loc":{"start":{"line":339,"column":0},"end":{"line":339,"column":30}}},"22":{"name":"(anonymous_22)","line":347,"loc":{"start":{"line":347,"column":8},"end":{"line":347,"column":26}}},"23":{"name":"(anonymous_23)","line":364,"loc":{"start":{"line":364,"column":12},"end":{"line":364,"column":38}}},"24":{"name":"(anonymous_24)","line":373,"loc":{"start":{"line":373,"column":53},"end":{"line":373,"column":72}}},"25":{"name":"(anonymous_25)","line":381,"loc":{"start":{"line":381,"column":5},"end":{"line":381,"column":17}}},"26":{"name":"(anonymous_26)","line":384,"loc":{"start":{"line":384,"column":8},"end":{"line":384,"column":23}}},"27":{"name":"getDownloadUrl","line":394,"loc":{"start":{"line":394,"column":0},"end":{"line":394,"column":26}}},"28":{"name":"downloadPhantomjs","line":404,"loc":{"start":{"line":404,"column":0},"end":{"line":404,"column":29}}},"29":{"name":"(anonymous_29)","line":417,"loc":{"start":{"line":417,"column":19},"end":{"line":417,"column":31}}},"30":{"name":"(anonymous_30)","line":428,"loc":{"start":{"line":428,"column":10},"end":{"line":428,"column":30}}}},"statementMap":{"1":{"start":{"line":9,"column":0},"end":{"line":9,"column":49}},"2":{"start":{"line":10,"column":0},"end":{"line":10,"column":34}},"3":{"start":{"line":11,"column":0},"end":{"line":11,"column":39}},"4":{"start":{"line":12,"column":0},"end":{"line":12,"column":33}},"5":{"start":{"line":13,"column":0},"end":{"line":13,"column":28}},"6":{"start":{"line":14,"column":0},"end":{"line":14,"column":39}},"7":{"start":{"line":15,"column":0},"end":{"line":15,"column":24}},"8":{"start":{"line":16,"column":0},"end":{"line":16,"column":26}},"9":{"start":{"line":17,"column":0},"end":{"line":17,"column":32}},"10":{"start":{"line":18,"column":0},"end":{"line":18,"column":24}},"11":{"start":{"line":19,"column":0},"end":{"line":19,"column":32}},"12":{"start":{"line":20,"column":0},"end":{"line":20,"column":28}},"13":{"start":{"line":21,"column":0},"end":{"line":21,"column":22}},"14":{"start":{"line":23,"column":0},"end":{"line":23,"column":35}},"15":{"start":{"line":25,"column":0},"end":{"line":25,"column":54}},"16":{"start":{"line":26,"column":0},"end":{"line":26,"column":46}},"17":{"start":{"line":27,"column":0},"end":{"line":27,"column":38}},"18":{"start":{"line":28,"column":0},"end":{"line":28,"column":42}},"19":{"start":{"line":29,"column":0},"end":{"line":29,"column":60}},"20":{"start":{"line":30,"column":0},"end":{"line":30,"column":40}},"21":{"start":{"line":31,"column":0},"end":{"line":31,"column":46}},"22":{"start":{"line":34,"column":0},"end":{"line":34,"column":21}},"23":{"start":{"line":36,"column":0},"end":{"line":41,"column":2}},"24":{"start":{"line":37,"column":2},"end":{"line":40,"column":3}},"25":{"start":{"line":38,"column":4},"end":{"line":38,"column":46}},"26":{"start":{"line":39,"column":4},"end":{"line":39,"column":11}},"27":{"start":{"line":46,"column":0},"end":{"line":46,"column":49}},"28":{"start":{"line":48,"column":0},"end":{"line":48,"column":41}},"29":{"start":{"line":49,"column":0},"end":{"line":49,"column":43}},"30":{"start":{"line":50,"column":0},"end":{"line":50,"column":22}},"31":{"start":{"line":63,"column":0},"end":{"line":96,"column":4}},"32":{"start":{"line":69,"column":4},"end":{"line":69,"column":48}},"33":{"start":{"line":72,"column":4},"end":{"line":74,"column":46}},"34":{"start":{"line":76,"column":4},"end":{"line":85,"column":5}},"35":{"start":{"line":78,"column":6},"end":{"line":78,"column":35}},"36":{"start":{"line":80,"column":6},"end":{"line":83,"column":7}},"37":{"start":{"line":81,"column":8},"end":{"line":81,"column":89}},"38":{"start":{"line":82,"column":8},"end":{"line":82,"column":15}},"39":{"start":{"line":84,"column":6},"end":{"line":84,"column":15}},"40":{"start":{"line":87,"column":4},"end":{"line":87,"column":59}},"41":{"start":{"line":88,"column":4},"end":{"line":88,"column":39}},"42":{"start":{"line":90,"column":4},"end":{"line":90,"column":64}},"43":{"start":{"line":91,"column":4},"end":{"line":91,"column":11}},"44":{"start":{"line":94,"column":4},"end":{"line":94,"column":64}},"45":{"start":{"line":95,"column":4},"end":{"line":95,"column":11}},"46":{"start":{"line":98,"column":0},"end":{"line":102,"column":1}},"47":{"start":{"line":99,"column":2},"end":{"line":99,"column":18}},"48":{"start":{"line":100,"column":2},"end":{"line":100,"column":33}},"49":{"start":{"line":101,"column":2},"end":{"line":101,"column":25}},"50":{"start":{"line":105,"column":0},"end":{"line":136,"column":1}},"51":{"start":{"line":106,"column":2},"end":{"line":106,"column":22}},"52":{"start":{"line":107,"column":2},"end":{"line":111,"column":3}},"53":{"start":{"line":113,"column":2},"end":{"line":130,"column":3}},"54":{"start":{"line":114,"column":4},"end":{"line":114,"column":43}},"55":{"start":{"line":115,"column":4},"end":{"line":115,"column":32}},"56":{"start":{"line":115,"column":24},"end":{"line":115,"column":32}},"57":{"start":{"line":117,"column":4},"end":{"line":129,"column":5}},"58":{"start":{"line":118,"column":6},"end":{"line":118,"column":73}},"59":{"start":{"line":119,"column":6},"end":{"line":119,"column":42}},"60":{"start":{"line":122,"column":6},"end":{"line":122,"column":41}},"61":{"start":{"line":123,"column":6},"end":{"line":123,"column":59}},"62":{"start":{"line":124,"column":6},"end":{"line":124,"column":40}},"63":{"start":{"line":125,"column":6},"end":{"line":125,"column":29}},"64":{"start":{"line":126,"column":6},"end":{"line":126,"column":26}},"65":{"start":{"line":128,"column":6},"end":{"line":128,"column":63}},"66":{"start":{"line":132,"column":2},"end":{"line":134,"column":33}},"67":{"start":{"line":135,"column":2},"end":{"line":135,"column":9}},"68":{"start":{"line":139,"column":0},"end":{"line":202,"column":1}},"69":{"start":{"line":140,"column":2},"end":{"line":140,"column":53}},"70":{"start":{"line":141,"column":2},"end":{"line":144,"column":3}},"71":{"start":{"line":142,"column":4},"end":{"line":142,"column":115}},"72":{"start":{"line":143,"column":4},"end":{"line":143,"column":21}},"73":{"start":{"line":146,"column":2},"end":{"line":152,"column":3}},"74":{"start":{"line":154,"column":2},"end":{"line":156,"column":34}},"75":{"start":{"line":157,"column":2},"end":{"line":169,"column":3}},"76":{"start":{"line":160,"column":4},"end":{"line":160,"column":35}},"77":{"start":{"line":161,"column":4},"end":{"line":164,"column":5}},"78":{"start":{"line":163,"column":6},"end":{"line":163,"column":56}},"79":{"start":{"line":165,"column":4},"end":{"line":165,"column":51}},"80":{"start":{"line":168,"column":4},"end":{"line":168,"column":28}},"81":{"start":{"line":172,"column":2},"end":{"line":172,"column":67}},"82":{"start":{"line":175,"column":2},"end":{"line":175,"column":36}},"83":{"start":{"line":176,"column":2},"end":{"line":191,"column":3}},"84":{"start":{"line":177,"column":4},"end":{"line":190,"column":5}},"85":{"start":{"line":178,"column":6},"end":{"line":179,"column":52}},"86":{"start":{"line":184,"column":6},"end":{"line":186,"column":7}},"87":{"start":{"line":185,"column":8},"end":{"line":185,"column":18}},"88":{"start":{"line":189,"column":6},"end":{"line":189,"column":78}},"89":{"start":{"line":193,"column":2},"end":{"line":199,"column":3}},"90":{"start":{"line":194,"column":4},"end":{"line":194,"column":35}},"91":{"start":{"line":195,"column":4},"end":{"line":197,"column":5}},"92":{"start":{"line":198,"column":4},"end":{"line":198,"column":19}},"93":{"start":{"line":201,"column":2},"end":{"line":201,"column":16}},"94":{"start":{"line":204,"column":0},"end":{"line":218,"column":1}},"95":{"start":{"line":205,"column":2},"end":{"line":217,"column":3}},"96":{"start":{"line":206,"column":6},"end":{"line":207,"column":160}},"97":{"start":{"line":208,"column":6},"end":{"line":208,"column":13}},"98":{"start":{"line":209,"column":9},"end":{"line":217,"column":3}},"99":{"start":{"line":210,"column":4},"end":{"line":211,"column":77}},"100":{"start":{"line":212,"column":4},"end":{"line":212,"column":11}},"101":{"start":{"line":214,"column":4},"end":{"line":215,"column":53}},"102":{"start":{"line":216,"column":4},"end":{"line":216,"column":11}},"103":{"start":{"line":220,"column":0},"end":{"line":261,"column":1}},"104":{"start":{"line":221,"column":2},"end":{"line":221,"column":28}},"105":{"start":{"line":223,"column":2},"end":{"line":223,"column":54}},"106":{"start":{"line":225,"column":2},"end":{"line":225,"column":29}},"107":{"start":{"line":226,"column":2},"end":{"line":226,"column":16}},"108":{"start":{"line":227,"column":2},"end":{"line":258,"column":34}},"109":{"start":{"line":228,"column":4},"end":{"line":228,"column":19}},"110":{"start":{"line":229,"column":4},"end":{"line":246,"column":5}},"111":{"start":{"line":230,"column":6},"end":{"line":230,"column":39}},"112":{"start":{"line":231,"column":6},"end":{"line":231,"column":76}},"113":{"start":{"line":232,"column":6},"end":{"line":232,"column":40}},"114":{"start":{"line":233,"column":6},"end":{"line":233,"column":32}},"115":{"start":{"line":235,"column":11},"end":{"line":246,"column":5}},"116":{"start":{"line":236,"column":6},"end":{"line":242,"column":48}},"117":{"start":{"line":243,"column":6},"end":{"line":243,"column":13}},"118":{"start":{"line":245,"column":6},"end":{"line":245,"column":31}},"119":{"start":{"line":248,"column":4},"end":{"line":256,"column":5}},"120":{"start":{"line":249,"column":6},"end":{"line":251,"column":7}},"121":{"start":{"line":250,"column":8},"end":{"line":250,"column":85}},"122":{"start":{"line":252,"column":6},"end":{"line":252,"column":39}},"123":{"start":{"line":253,"column":6},"end":{"line":253,"column":16}},"124":{"start":{"line":260,"column":2},"end":{"line":260,"column":25}},"125":{"start":{"line":264,"column":0},"end":{"line":299,"column":1}},"126":{"start":{"line":265,"column":2},"end":{"line":265,"column":28}},"127":{"start":{"line":268,"column":2},"end":{"line":268,"column":57}},"128":{"start":{"line":269,"column":2},"end":{"line":269,"column":36}},"129":{"start":{"line":271,"column":2},"end":{"line":271,"column":38}},"130":{"start":{"line":274,"column":2},"end":{"line":274,"column":37}},"131":{"start":{"line":276,"column":2},"end":{"line":297,"column":3}},"132":{"start":{"line":277,"column":4},"end":{"line":277,"column":42}},"133":{"start":{"line":278,"column":4},"end":{"line":285,"column":6}},"134":{"start":{"line":279,"column":6},"end":{"line":284,"column":7}},"135":{"start":{"line":280,"column":8},"end":{"line":280,"column":45}},"136":{"start":{"line":281,"column":8},"end":{"line":281,"column":28}},"137":{"start":{"line":283,"column":8},"end":{"line":283,"column":39}},"138":{"start":{"line":288,"column":4},"end":{"line":288,"column":64}},"139":{"start":{"line":289,"column":4},"end":{"line":296,"column":6}},"140":{"start":{"line":290,"column":6},"end":{"line":295,"column":7}},"141":{"start":{"line":291,"column":8},"end":{"line":291,"column":49}},"142":{"start":{"line":292,"column":8},"end":{"line":292,"column":28}},"143":{"start":{"line":294,"column":8},"end":{"line":294,"column":39}},"144":{"start":{"line":298,"column":2},"end":{"line":298,"column":25}},"145":{"start":{"line":302,"column":0},"end":{"line":318,"column":1}},"146":{"start":{"line":303,"column":2},"end":{"line":303,"column":37}},"147":{"start":{"line":304,"column":2},"end":{"line":317,"column":4}},"148":{"start":{"line":306,"column":4},"end":{"line":306,"column":45}},"149":{"start":{"line":307,"column":4},"end":{"line":313,"column":5}},"150":{"start":{"line":308,"column":6},"end":{"line":308,"column":51}},"151":{"start":{"line":309,"column":6},"end":{"line":312,"column":7}},"152":{"start":{"line":310,"column":8},"end":{"line":310,"column":71}},"153":{"start":{"line":311,"column":8},"end":{"line":311,"column":52}},"154":{"start":{"line":315,"column":4},"end":{"line":315,"column":55}},"155":{"start":{"line":316,"column":4},"end":{"line":316,"column":52}},"156":{"start":{"line":323,"column":0},"end":{"line":334,"column":1}},"157":{"start":{"line":324,"column":2},"end":{"line":333,"column":4}},"158":{"start":{"line":325,"column":4},"end":{"line":325,"column":81}},"159":{"start":{"line":327,"column":4},"end":{"line":330,"column":5}},"160":{"start":{"line":328,"column":6},"end":{"line":328,"column":73}},"161":{"start":{"line":329,"column":6},"end":{"line":329,"column":13}},"162":{"start":{"line":339,"column":0},"end":{"line":388,"column":1}},"163":{"start":{"line":340,"column":2},"end":{"line":344,"column":3}},"164":{"start":{"line":341,"column":4},"end":{"line":342,"column":41}},"165":{"start":{"line":343,"column":4},"end":{"line":343,"column":29}},"166":{"start":{"line":346,"column":2},"end":{"line":387,"column":4}},"167":{"start":{"line":348,"column":4},"end":{"line":348,"column":24}},"168":{"start":{"line":349,"column":4},"end":{"line":349,"column":62}},"169":{"start":{"line":353,"column":4},"end":{"line":356,"column":5}},"170":{"start":{"line":354,"column":6},"end":{"line":354,"column":91}},"171":{"start":{"line":355,"column":6},"end":{"line":355,"column":12}},"172":{"start":{"line":358,"column":4},"end":{"line":358,"column":55}},"173":{"start":{"line":359,"column":4},"end":{"line":380,"column":5}},"174":{"start":{"line":360,"column":6},"end":{"line":360,"column":51}},"175":{"start":{"line":362,"column":6},"end":{"line":362,"column":91}},"176":{"start":{"line":363,"column":6},"end":{"line":371,"column":8}},"177":{"start":{"line":365,"column":8},"end":{"line":369,"column":9}},"178":{"start":{"line":366,"column":10},"end":{"line":366,"column":43}},"179":{"start":{"line":367,"column":10},"end":{"line":367,"column":60}},"180":{"start":{"line":368,"column":10},"end":{"line":368,"column":17}},"181":{"start":{"line":370,"column":8},"end":{"line":370,"column":65}},"182":{"start":{"line":373,"column":6},"end":{"line":379,"column":8}},"183":{"start":{"line":374,"column":8},"end":{"line":378,"column":9}},"184":{"start":{"line":375,"column":10},"end":{"line":375,"column":40}},"185":{"start":{"line":376,"column":10},"end":{"line":376,"column":79}},"186":{"start":{"line":377,"column":10},"end":{"line":377,"column":17}},"187":{"start":{"line":382,"column":4},"end":{"line":382,"column":46}},"188":{"start":{"line":385,"column":4},"end":{"line":385,"column":57}},"189":{"start":{"line":386,"column":4},"end":{"line":386,"column":16}},"190":{"start":{"line":394,"column":0},"end":{"line":397,"column":1}},"191":{"start":{"line":395,"column":2},"end":{"line":395,"column":30}},"192":{"start":{"line":396,"column":2},"end":{"line":396,"column":25}},"193":{"start":{"line":404,"column":0},"end":{"line":438,"column":1}},"194":{"start":{"line":405,"column":2},"end":{"line":405,"column":38}},"195":{"start":{"line":406,"column":2},"end":{"line":412,"column":3}},"196":{"start":{"line":407,"column":4},"end":{"line":410,"column":44}},"197":{"start":{"line":411,"column":4},"end":{"line":411,"column":11}},"198":{"start":{"line":414,"column":2},"end":{"line":414,"column":36}},"199":{"start":{"line":415,"column":2},"end":{"line":415,"column":20}},"200":{"start":{"line":417,"column":2},"end":{"line":437,"column":4}},"201":{"start":{"line":419,"column":4},"end":{"line":419,"column":45}},"202":{"start":{"line":420,"column":4},"end":{"line":420,"column":47}},"203":{"
[...]
cking path, continuing', err)","    return false","  })","}","","/**"," * @return {?string} Get the download URL for phantomjs."," *     May return null if no download url exists."," */","function getDownloadUrl() {","  var spec = getDownloadSpec()","  return spec && spec.url","}","","/**"," * Download phantomjs, reusing the existing copy on disk if available."," * Exits immediately if there is no binary to download."," * @return {Promise.<string>} The path to the downloaded file."," */","function downloadPhantomjs() {","  var downloadSpec = getDownloadSpec()","  if (!downloadSpec) {","    console.error(","        'Unexpected platform or architecture: ' + getTargetPlatform() + '/' + getTargetArch() + '\\n' +","        'It seems there is no binary available for your platform/architecture\\n' +","        'Try to install PhantomJS globally')","    exit(1)","  }","","  var downloadUrl = downloadSpec.url","  var downloadedFile","","  return kew.fcall(function () {","    // Can't use a global version so start a download.","    var tmpPath = findSuitableTempDirectory()","    var fileName = downloadUrl.split('/').pop()","    downloadedFile = path.join(tmpPath, fileName)","","    if (fs.existsSync(downloadedFile)) {","      console.log('Download already available at', downloadedFile)","      return verifyChecksum(downloadedFile, downloadSpec.checksum)","    }","    return false","  }).then(function (verified) {","    if (verified) {","      return downloadedFile","    }","","    // Start the install.","    console.log('Downloading', downloadUrl)","    console.log('Saving to', downloadedFile)","    return requestBinary(getRequestOptions(), downloadedFile)","  })","}",""],"l":{"9":1,"10":1,"11":1,"12":1,"13":1,"14":1,"15":1,"16":1,"17":1,"18":1,"19":1,"20":1,"21":1,"23":1,"25":1,"26":1,"27":1,"28":1,"29":1,"30":1,"31":1,"34":1,"36":1,"37":0,"38":0,"39":0,"46":1,"48":1,"49":1,"50":1,"63":1,"69":1,"72":1,"76":1,"78":1,"80":0,"81":0,"82":0,"84":0,"87":1,"88":1,"90":1,"91":1,"94":0,"95":0,"98":1,"99":3,"100":3,"101":3,"105":1,"106":1,"107":1,"113":1,"114":1,"115":1,"117":1,"118":1,"119":1,"122":1,"123":1,"124":1,"125":1,"126":1,"128":0,"132":0,"135":0,"139":1,"140":0,"141":0,"142":0,"143":0,"146":0,"154":0,"157":0,"160":0,"161":0,"163":0,"165":0,"168":0,"172":0,"175":0,"176":0,"177":0,"178":0,"184":0,"185":0,"189":0,"193":0,"194":0,"195":0,"198":0,"201":0,"204":1,"205":0,"206":0,"208":0,"209":0,"210":0,"212":0,"214":0,"216":0,"220":1,"221":0,"223":0,"225":0,"226":0,"227":0,"228":0,"229":0,"230":0,"231":0,"232":0,"233":0,"235":0,"236":0,"243":0,"245":0,"248":0,"249":0,"250":0,"252":0,"253":0,"260":0,"264":1,"265":1,"268":1,"269":1,"271":1,"274":1,"276":1,"277":0,"278":0,"279":0,"280":0,"281":0,"283":0,"288":1,"289":1,"290":1,"291":0,"292":0,"294":1,"298":1,"302":1,"303":1,"304":1,"306":1,"307":1,"308":1,"309":1,"310":1,"311":1,"315":0,"316":0,"323":1,"324":1,"325":1,"327":1,"328":1,"329":1,"339":1,"340":1,"341":0,"343":0,"346":1,"348":1,"349":1,"353":1,"354":0,"355":0,"358":1,"359":1,"360":1,"362":1,"363":1,"365":1,"366":1,"367":1,"368":1,"370":1,"373":0,"374":0,"375":0,"376":0,"377":0,"382":0,"385":0,"386":0,"394":1,"395":0,"396":0,"404":1,"405":1,"406":1,"407":0,"411":0,"414":1,"415":1,"417":1,"419":1,"420":1,"421":1,"423":1,"424":1,"425":1,"427":0,"429":1,"430":1,"434":0,"435":0,"436":0}},"/home/travis/build/npmtest/node-npmtest-phantomjs-prebuilt/node_modules/phantomjs-prebuilt/lib/util.js":{"path":"/home/travis/build/npmtest/node-npmtest-phantomjs-prebuilt/node_modules/phantomjs-prebuilt/lib/util.js","s":{"1":1,"2":1,"3":1,"4":1,"5":1,"6":1,"7":1,"8":1,"9":1,"10":2,"11":2,"12":2,"13":2,"14":2,"15":2,"16":2,"17":2,"18":0,"19":0,"20":1,"21":2,"22":2,"23":2,"24":2,"25":2,"26":0,"27":0,"28":0,"29":0,"30":1,"31":2,"32":2,"33":0,"34":2,"35":2,"36":2,"37":2,"38":2,"39":2,"40":1,"41":1,"42":1,"43":1,"44":1,"45":1,"46":1,"47":1,"48":1,"49":0,"50":0,"51":0,"52":0,"53":0,"54":0,"55":0,"56":0,"57":0,"58":0,"59":1,"60":1,"61":1,"62":1,"63":1,"64":1,"65":0,"66":1,"67":0,"68":0,"69":1,"70":11,"71":1,"72":8,"73":1},"b":{"1":[2,0],"2":[2,2,2],"3":[2,0],"4":[2,0],"5":[2,0],"6":[0,2],"7":[2,0],"8":[2,2],"9":[1,1,1],"10":[1,0],"11":[1,1],"12":[0,0],"13":[0,0],"14":[0,0],"15":[0,0],"16":[1,0],"17":[11,11],"18":[8,8]},"f":{"1":2,"2":2,"3":2,"4":0,"5":2,"6":2,"7":0,"8":2,"9":1,"10":1,"11":1,"12":0,"13":11,"14":8},"fnMap":{"1":{"name":"findValidPhantomJsBinary","line":22,"loc":{"start":{"line":22,"column":0},"end":{"line":22,"column":43}}},"2":{"name":"(anonymous_2)","line":23,"loc":{"start":{"line":23,"column":19},"end":{"line":23,"column":31}}},"3":{"name":"(anonymous_3)","line":30,"loc":{"start":{"line":30,"column":60},"end":{"line":30,"column":79}}},"4":{"name":"(anonymous_4)","line":38,"loc":{"start":{"line":38,"column":10},"end":{"line":38,"column":22}}},"5":{"name":"checkPhantomjsVersion","line":47,"loc":{"start":{"line":47,"column":0},"end":{"line":47,"column":44}}},"6":{"name":"(anonymous_6)","line":49,"loc":{"start":{"line":49,"column":66},"end":{"line":49,"column":84}}},"7":{"name":"(anonymous_7)","line":57,"loc":{"start":{"line":57,"column":10},"end":{"line":57,"column":25}}},"8":{"name":"writeLocationFile","line":67,"loc":{"start":{"line":67,"column":0},"end":{"line":67,"column":37}}},"9":{"name":"getDownloadSpec","line":91,"loc":{"start":{"line":91,"column":0},"end":{"line":91,"column":27}}},"10":{"name":"verifyChecksum","line":124,"loc":{"start":{"line":124,"column":0},"end":{"line":124,"column":44}}},"11":{"name":"(anonymous_11)","line":125,"loc":{"start":{"line":125,"column":75},"end":{"line":125,"column":91}}},"12":{"name":"(anonymous_12)","line":133,"loc":{"start":{"line":133,"column":10},"end":{"line":133,"column":25}}},"13":{"name":"getTargetPlatform","line":142,"loc":{"start":{"line":142,"column":0},"end":{"line":142,"column":29}}},"14":{"name":"getTargetArch","line":149,"loc":{"start":{"line":149,"column":0},"end":{"line":149,"column":25}}}},"statementMap":{"1":{"start":{"line":7,"column":0},"end":{"line":7,"column":33}},"2":{"start":{"line":8,"column":0},"end":{"line":8,"column":28}},"3":{"start":{"line":9,"column":0},"end":{"line":9,"column":28}},"4":{"start":{"line":10,"column":0},"end":{"line":10,"column":35}},"5":{"start":{"line":11,"column":0},"end":{"line":11,"column":24}},"6":{"start":{"line":12,"column":0},"end":{"line":12,"column":26}},"7":{"start":{"line":14,"column":0},"end":{"line":14,"column":80}},"8":{"start":{"line":15,"column":0},"end":{"line":15,"column":23}},"9":{"start":{"line":22,"column":0},"end":{"line":41,"column":1}},"10":{"start":{"line":23,"column":2},"end":{"line":40,"column":4}},"11":{"start":{"line":24,"column":4},"end":{"line":24,"column":36}},"12":{"start":{"line":25,"column":4},"end":{"line":36,"column":5}},"13":{"start":{"line":28,"column":6},"end":{"line":28,"column":84}},"14":{"start":{"line":29,"column":6},"end":{"line":35,"column":7}},"15":{"start":{"line":30,"column":8},"end":{"line":34,"column":10}},"16":{"start":{"line":31,"column":10},"end":{"line":33,"column":11}},"17":{"start":{"line":32,"column":12},"end":{"line":32,"column":48}},"18":{"start":{"line":37,"column":4},"end":{"line":37,"column":16}},"19":{"start":{"line":39,"column":4},"end":{"line":39,"column":16}},"20":{"start":{"line":47,"column":0},"end":{"line":61,"column":1}},"21":{"start":{"line":48,"column":2},"end":{"line":48,"column":64}},"22":{"start":{"line":49,"column":2},"end":{"line":60,"column":4}},"23":{"start":{"line":50,"column":4},"end":{"line":50,"column":31}},"24":{"start":{"line":51,"column":4},"end":{"line":56,"column":5}},"25":{"start":{"line":52,"column":6},"end":{"line":52,"column":17}},"26":{"start":{"line":54,"column":6},"end":{"line":54,"column":97}},"27":{"start":{"line":55,"column":6},"end":{"line":55,"column":18}},"28":{"start":{"line":58,"column":4},"end":{"line":58,"column":63}},"29":{"start":{"line":59,"column":4},"end":{"line":59,"column":16}},"30":{"start":{"line":67,"column":0},"end":{"line":85,"column":1}},"31":{"start":{"line":68,"column":2},"end":{"line":68,"column":41}},"32":{"start":{"line":69,"column":2},"end":{"line":71,"column":3}},"33":{"start":{"line":70,"column":4},"end":{"line":70,"column":46}},"34":{"start":{"line":73,"column":2},"end":{"line":73,"column":36}},"35":{"start":{"line":74,"column":2},"end":{"line":74,"column":28}},"36":{"start":{"line":76,"column":2},"end":{"line":76,"column":65}},"37":{"start":{"line":78,"column":2},"end":{"line":82,"column":3}},"38":{"start":{"line":79,"column":4},"end":{"line":81,"column":59}},"39":{"start":{"line":84,"column":2},"end":{"line":84,"column":63}},"40":{"start":{"line":91,"column":0},"end":{"line":116,"column":1}},"41":{"start":{"line":92,"column":2},"end":{"line":94,"column":17}},"42":{"start":{"line":95,"column":2},"end":{"line":95,"column":65}},"43":{"start":{"line":96,"column":2},"end":{"line":96,"column":19}},"44":{"start":{"line":98,"column":2},"end":{"line":98,"column":36}},"45":{"start":{"line":99,"column":2},"end":{"line":99,"column":28}},"46":{"start":{"line":100,"column":2},"end":{"line":114,"column":3}},"47":{"start":{"line":101,"column":4},"end":{"line":101,"column":41}},"48":{"start":{"line":102,"column":4},"end":{"line":102,"column":81}},"49":{"start":{"line":103,"column":9},"end":{"line":114,"column":3}},"50":{"start":{"line":104,"column":4},"end":{"line":104,"column":39}},"51":{"start":{"line":105,"column":4},"end":{"line":105,"column":81}},"52":{"start":{"line":106,"column":9},"end":{"line":114,"column":3}},"53":{"start":{"line":107,"column":4},"end":{"line":107,"column":31}},"54":{"start":{"line":108,"column":4},"end":{"line":108,"column":81}},"55":{"start":{"line":109,"column":9},"end":{"line":114,"column":3}},"56":{"start":{"line":110,"column":4},"end":{"line":110,"column":32}},"57":{"start":{"line":111,"column":4},"end":{"line":111,"column":81}},"58":{"start":{"line":113,"column":4},"end":{"line":113,"column":15}},"59":{"start":{"line":115,"column":2},"end":{"line":115,"column":47}},"60":{"start":{"line":124,"column":0},"end":{"line":137,"column":1}},"61":{"start":{"line":125,"column":2},"end":{"line":136,"column":4}},"62":{"start":{"line":126,"column":4},"end":{"line":126,"column":33}},"63":{"start":{"line":127,"column":4},"end":{"line":131,"column":5}},"64":{"start":{"line":128,"column":6},"end":{"line":128,"column":68}},"65":{"start":{"line":130,"column":6},"end":{"line":130,"column":43}},"66":{"start":{"line":132,"column":4},"end":{"line":132,"column":17}},"67":{"start":{"line":134,"column":4},"end":{"line":134,"column":53}},"68":{"start":{"line":135,"column":4},"end":{"line":135,"column":16}},"69":{"start":{"line":142,"column":0},"end":{"line":144,"column":1}},"70":{"start":{"line":143,"column":2},"end":{"line":143,"column":59}},"71":{"start":{"line":149,"column":0},"end":{"line":151,"column":1}},"72":{"start":{"line":150,"column":2},"end":{"line":150,"column":51}},"73":{"start":{"line":153,"column":0},"end":{"line":161,"column":1}}},"branchMap":{"1":{"line":25,"type":"if","locations":[{"start":{"line":25,"column":4},"end":{"line":25,"column":4}},{"start":{"line":25,"column":4},"end":{"line":25,"column":4}}]},"2":{"line":25,"type":"binary-expr","locations":[{"start":{"line":25,"column":8},"end":{"line":25,"column":26}},{"start":{"line":26,"column":8},"end":{"line":26,"column":49}},{"start":{"line":27,"column":8},"end":{"line":27,"column":41}}]},"3":{"line":29,"type":"if","locations":[{"start":{"line":29,"column":6},"end":{"line":29,"column":6}},{"start":{"line":29,"column":6},"end":{"line":29,"column":6}}]},"4":{"line":31,"type":"if","locations":[{"start":{"line":31,"column":10},"end":{"line":31,"column":10}},{"start":{"line":31,"column":10},"end":{"line":31,"column":10}}]},"5":{"line":51,"type":"if","locations":[{"start":{"line":51,"column":4},"end":{"line":51,"column":4}},{"start":{"line":51,"column":4},"end":{"line":51,"column":4}}]},"6":{"line":69,"type":"if","locations":[{"start":{"line":69,"column":2},"end":{"line":69,"column":2}},{"start":{"line":69,"column":2},"end":{"line":69,"column":2}}]},"7":{"line":78,"type":"if","locations":[{"start":{"line":78,"column":2},"end":{"line":78,"column":2}},{"start":{"line":78,"column":2},"end":{"line":78,"column":2}}]},"8":{"line":78,"type":"binary-expr","locations":[{"start":{"line":78,"column":6},"end":{"line":78,"column":37}},{"start":{"line":78,"column":41},"end":{"line":78,"column":68}}]},"9":{"line":92,"type":"binary-expr","locations":[{"start":{"line":92,"column":15},"end":{"line":92,"column":54}},{"start":{"line":93,"column":6},"end":{"line":93,"column":34}},{"start":{"line":94,"column":6},"end":{"line":94,"column":17}}]},"10":{"line":100,"type":"if","locations":[{"start":{"line":100,"column":2},"end":{"line":100,"column":2}},{"start":{"line":100,"column":2},"end":{"line":100,"column":2}}]},"11":{"line":100,"type":"binary-expr","locations":[{"start":{"line":100,"column":6},"end":{"line":100,"column":26}},{"start":{"line":100,"column":30},"end":{"line":100,"column":44}}]},"12":{"line":103,"type":"if","locations":[{"start":{"line":103,"column":9},"end":{"line":103,"column":9}},{"start":{"line":103,"column":9},"end":{"line":103,"column":9}}]},"13":{"line":103,"type":"binary-expr","locations":[{"start":{"line":103,"column":13},"end":{"line":103,"column":33}},{"start":{"line":103,"column":37},"end":{"line":103,"column":51}}]},"14":{"line":106,"type":"if","locations":[{"start":{"line":106,"column":9},"end":{"line":106,"column":9}},{"start":{"line":106,"column":9},"end":{"line":106,"column":9}}]},"15":{"line":109,"type":"if","locations":[{"start":{"line":109,"column":9},"end":{"line":109,"column":9}},{"start":{"line":109,"column":9},"end":{"line":109,"column":9}}]},"16":{"line":127,"type":"if","locations":[{"start":{"line":127,"column":4},"end":{"line":127,"column":4}},{"start":{"line":127,"column":4},"end":{"line":127,"column":4}}]},"17":{"line":143,"type":"binary-expr","locations":[{"start":{"line":143,"column":9},"end":{"line":143,"column":39}},{"start":{"line":143,"column":43},"end":{"line":143,"column":59}}]},"18":{"line":150,"type":"binary-expr","locations":[{"start":{"line":150,"column":9},"end":{"line":150,"column":35}},{"start":{"line":150,"column":39},"end":{"line":150,"column":51}}]}},"code":["/**"," * @fileoverview Package-private helpers for the installer."," */","","'use strict'","","var cp = require('child_process')","var fs = require('fs-extra')","var hasha = require('hasha')","var helper = require('./phantomjs')","var kew = require('kew')","var path = require('path')","","var DEFAULT_CDN = 'https://github.com/Medium/phantomjs/releases/download/v2.1.1'","var libPath = __dirname","","/**"," * Given a lib/location file of a PhantomJS previously installed with NPM,"," * is there a valid PhantomJS binary at this lib/location."," * @return {Promise<string>} resolved location of phantomjs binary on success"," */","function findValidPhantomJsBinary(libPath) {","  return kew.fcall(function () {","    var libModule = require(libPath)","    if (libModule.location &&","        getTargetPlatform() == libModule.platform &&","        getTargetArch() == libModule.arch) {","      var resolvedLocation = path.resolve(path.dirname(libPath), libModule.location)","      if (fs.statSync(resolvedLocation)) {","        return checkPhantomjsVersion(resolvedLocation).then(function (matches) {","          if (matches) {","            return kew.resolve(resolvedLocation)","          }","        })","      }","    }","    return false","  }).fail(function () {","    return false","  })","}","","/**"," * Check to make sure a given binary is the right version."," * @return {kew.Promise.<boolean>}"," */","function checkPhantomjsVersion(phantomPath) {","  console.log('Found PhantomJS at', phantomPath, '...verifying')","  return kew.nfcall(cp.execFile, phantomPath, ['--version']).then(function (stdout) {","    var version = stdout.trim()","    if (helper.version == version) {","      return true","    } else {","      console.log('PhantomJS detected, but wrong version', stdout.trim(), '@', phantomPath + '.')","      return false","    }","  }).fail(function (err) {","    console.error('Error verifying phantomjs, continuing', err)","    return false","  })","}","","/**"," * Writes the location file with location and platform/arch metadata about the"," * binary."," */","function writeLocationFile(location) {","  console.log('Writing location.js file')","  if (getTargetPlatform() === 'win32') {","    location = location.replace(/\\\\/g, '\\\\\\\\')","  }","","  var platform = getTargetPlatform()","  var arch = getTargetArch()","","  var contents = 'module.exports.location = \"' + location + '\"\\n'","","  if (/^[a-zA-Z0-9]*$/.test(platform) && /^[a-zA-Z0-9]*$/.test(arch)) {","    contents +=","        'module.exports.platform = \"' + getTargetPlatform() + '\"\\n' +","        'module.exports.arch = \"' + getTargetArch() + '\"\\n'","  }","","  fs.writeFileSync(path.join(libPath, 'location.js'), contents)","}","","/**"," * @return {?{url: string, checksum: string}} Get the download URL and expected"," *     SHA-256 checksum for phantomjs.  May return null if no download url exists."," */","function getDownloadSpec() {","  var cdnUrl = process.env.npm_config_phantomjs_cdnurl ||","      process.env.PHANTOMJS_CDNURL ||","      DEFAULT_CDN","  var downloadUrl = cdnUrl + '/phantomjs-' + helper.version + '-'","  var checksum = ''","","  var platform = getTargetPlatform()","  var arch = getTargetArch()","  if (platform === 'linux' && arch === 'x64') {","    downloadUrl += 'linux-x86_64.tar.bz2'","    checksum = '86dd9a4bf4aee45f1a84c9f61cf1947c1d6dce9b9e8d2a907105da7852460d2f'","  } else if (platform === 'linux' && arch == 'ia32') {","    downloadUrl += 'linux-i686.tar.bz2'","    checksum = '80e03cfeb22cc4dfe4e73b68ab81c9fdd7c78968cfd5358e6af33960464f15e3'","  } else if (platform === 'darwin') {","    downloadUrl += 'macosx.zip'","    checksum = '538cf488219ab27e309eafc629e2bcee9976990fe90b1ec334f541779150f8c1'","  } else if (platform === 'win32') {","    downloadUrl += 'windows.zip'","    checksum = 'd9fb05623d6b26d3654d008eab3adafd1f6350433dfd16138c46161f42c7dcc8'","  } else {","    return null","  }","  return {url: downloadUrl, checksum: checksum}","}","","/**"," * Check to make sure that the file matches the checksum."," * @param {string} fileName"," * @param {string} checksum"," * @return {Promise.<boolean>}"," */","function verifyChecksum(fileName, checksum) {","  return kew.resolve(hasha.fromFile(fileName, {algorithm: 'sha256'})).then(function (hash) {","    var result = checksum == hash","    if (result) {","      console.log('Verified checksum of previously downloaded file')","    } else {","      console.log('Checksum did not match')","    }","    return result","  }).fail(function (err) {","    console.error('Failed to verify checksum: ', err)","    return false","  })","}","","/**"," * @return {string}"," */","function getTargetPlatform() {","  return process.env.PHANTOMJS_PLATFORM || process.platform","}","","/**"," * @return {string}"," */","function getTargetArch() {","  return process.env.PHANTOMJS_ARCH || process.arch","}","","module.exports = {","  checkPhantomjsVersion: checkPhantomjsVersion,","  getDownloadSpec: getDownloadSpec,","  getTargetPlatform: getTargetPlatform,","  getTargetArch: getTargetArch,","  findValidPhantomJsBinary: findValidPhantomJsBinary,","  verifyChecksum: verifyChecksum,","  writeLocationFile: writeLocationFile","}",""],"l":{"7":1,"8":1,"9":1,"10":1,"11":1,"12":1,"14":1,"15":1,"22":1,"23":2,"24":2,"25":2,"28":2,"29":2,"30":2,"31":2,"32":2,"37":0,"39":0,"47":1,"48":2,"49":2,"50":2,"51":2,"52":2,"54":0,"55":0,"58":0,"59":0,"67":1,"68":2,"69":2,"70":0,"73":2,"74":2,"76":2,"78":2,"79":2,"84":2,"91":1,"92":1,"95":1,"96":1,"98":1,"99":1,"100":1,"101":1,"102":1,"103":0,"104":0,"105":0,"106":0,"107":0,"108":0,"109":0,"110":0,"111":0,"113":0,"115":1,"124":1,"125":1,"126":1,"127":1,"128":1,"130":0,"132":1,"134":0,"135":0,"142":1,"143":11,"149":1,"150":8,"153":1}}}